TpTrace Verbose: 0 : 10060, 1, 2026/01/17, 22:24:12.605, 6436309984156, datacollector.dll, Version: 17.12.0-release-24508-01
TpTrace Information: 0 : 10060, 1, 2026/01/17, 22:24:12.614, 6436310075166, datacollector.dll, DataCollectorMain.Run: Starting data collector run with args: --port,62464,--parentprocessid,6736,--diag,C:\Users\TOSHIBA\source\repos\1.QA Wiki\4.PracticeLocatorsExtended\bin\Debug\net8.0\fine-code-coverage\coverage-tool-output\diagnostics.datacollector.26-01-17_22-24-12_40761_5.log,--tracelevel,4
TpTrace Information: 0 : 10060, 1, 2026/01/17, 22:24:12.620, 6436310129393, datacollector.dll, DataCollector: Monitoring parent process with id: '6736'
TpTrace Information: 0 : 10060, 1, 2026/01/17, 22:24:12.638, 6436310312903, datacollector.dll, Trying to connect to server on socket : 127.0.0.1:62464 
TpTrace Verbose: 0 : 10060, 1, 2026/01/17, 22:24:12.656, 6436310489417, datacollector.dll, SocketCommunicationManager : SetupClientAsync : Attempting to connect to the server.
TpTrace Information: 0 : 10060, 1, 2026/01/17, 22:24:12.668, 6436310611170, datacollector.dll, Connected to the server successfully 
TpTrace Information: 0 : 10060, 1, 2026/01/17, 22:24:12.668, 6436310612443, datacollector.dll, Using the buffer size of 16384 bytes
TpTrace Information: 0 : 10060, 1, 2026/01/17, 22:24:12.764, 6436311572029, datacollector.dll, DataCollector: Start Request Processing.
TpTrace Verbose: 0 : 10060, 1, 2026/01/17, 22:24:12.764, 6436311575289, datacollector.dll, SocketCommunicationManager.WaitForServerConnection took: 0 ms, with 90000 ms timeout, and finished with True.
TpTrace Information: 0 : 10060, 1, 2026/01/17, 22:24:12.765, 6436311580809, datacollector.dll, DataCollectionRequestHandler.ProcessRequests: Datacollector received message: (DataCollection.BeforeTestRunStart) -> {"MessageType":"DataCollection.BeforeTestRunStart","Payload":{"SettingsXml":"<RunSettings><RunConfiguration><ResultsDirectory>C:\\Users\\TOSHIBA\\source\\repos\\1.QA Wiki\\4.PracticeLocatorsExtended\\bin\\Debug\\net8.0\\fine-code-coverage\\coverage-tool-output</ResultsDirectory><TargetPlatform>X64</TargetPlatform><TargetFrameworkVersion>.NETCoreApp,Version=v8.0</TargetFrameworkVersion><DesignMode>False</DesignMode><CollectSourceInformation>False</CollectSourceInformation><TestAdaptersPaths>C:\\Program Files\\dotnet\\sdk\\9.0.100\\Extensions</TestAdaptersPaths></RunConfiguration><LoggerRunSettings><Loggers><Logger friendlyName=\"blame\" enabled=\"True\" /><Logger friendlyName=\"Console\" uri=\"logger://microsoft/TestPlatform/ConsoleLogger/v1\" assemblyQualifiedName=\"Microsoft.VisualStudio.TestPlatform.CommandLine.Internal.ConsoleLogger, vstest.console, Version=15.0.0.0, Culture=neutral, PublicKeyToken=b03f5f7f11d50a3a\" codeBase=\"C:\\Program Files\\dotnet\\sdk\\9.0.100\\vstest.console.dll\" enabled=\"True\" /></Loggers></LoggerRunSettings><DataCollectionRunSettings><DataCollectors><DataCollector friendlyName=\"blame\" enabled=\"True\"><Configuration><ResultsDirectory>C:\\Users\\TOSHIBA\\source\\repos\\1.QA Wiki\\4.PracticeLocatorsExtended\\bin\\Debug\\net8.0\\fine-code-coverage\\coverage-tool-output</ResultsDirectory></Configuration></DataCollector></DataCollectors></DataCollectionRunSettings></RunSettings>","Sources":["C:\\Users\\TOSHIBA\\source\\repos\\1.QA Wiki\\4.PracticeLocatorsExtended\\bin\\Debug\\net8.0\\fine-code-coverage\\build-output\\4.PracticeLocatorsExtended.dll"],"IsTelemetryOptedIn":false}}
TpTrace Verbose: 0 : 10060, 1, 2026/01/17, 22:24:12.837, 6436312303460, datacollector.dll, TestPluginCache: Update extensions started. Skip filter = False
TpTrace Verbose: 0 : 10060, 1, 2026/01/17, 22:24:12.838, 6436312315409, datacollector.dll, TestPluginCache: Using directories for assembly resolution 'C:\Program Files\dotnet\sdk\9.0.100\Extensions'.
TpTrace Verbose: 0 : 10060, 1, 2026/01/17, 22:24:12.838, 6436312316641, datacollector.dll, TestPluginCache: Updated the available extensions to 'C:\Program Files\dotnet\sdk\9.0.100\Extensions\Microsoft.TestPlatform.Extensions.BlameDataCollector.dll,C:\Program Files\dotnet\sdk\9.0.100\Extensions\Microsoft.TestPlatform.Extensions.EventLogCollector.dll'.
TpTrace Verbose: 0 : 10060, 1, 2026/01/17, 22:24:12.846, 6436312395537, datacollector.dll, TestPluginCache.DiscoverTestExtensions: finding test extensions in assemblies ends with: Collector.dll TPluginInfo: Microsoft.VisualStudio.TestPlatform.Common.DataCollector.DataCollectorConfig TExtension: Microsoft.VisualStudio.TestPlatform.ObjectModel.DataCollection.DataCollector
TpTrace Verbose: 0 : 10060, 1, 2026/01/17, 22:24:12.847, 6436312406956, datacollector.dll, TestPluginCache.GetExtensionPaths: Filtered extension paths: C:\Program Files\dotnet\sdk\9.0.100\Extensions\Microsoft.TestPlatform.Extensions.BlameDataCollector.dll
C:\Program Files\dotnet\sdk\9.0.100\Extensions\Microsoft.TestPlatform.Extensions.EventLogCollector.dll
TpTrace Verbose: 0 : 10060, 1, 2026/01/17, 22:24:12.847, 6436312407602, datacollector.dll, TestPluginCache.GetExtensionPaths: Added default extension paths: 
TpTrace Verbose: 0 : 10060, 1, 2026/01/17, 22:24:12.847, 6436312407940, datacollector.dll, TestPluginCache.GetExtensionPaths: Added unfilterableExtensionPaths: 
TpTrace Information: 0 : 10060, 1, 2026/01/17, 22:24:12.848, 6436312414018, datacollector.dll, AssemblyResolver.ctor: Creating AssemblyResolver with searchDirectories C:\Program Files\dotnet\sdk\9.0.100\Extensions,C:\Program Files\dotnet\sdk\9.0.100
TpTrace Verbose: 0 : 10060, 1, 2026/01/17, 22:24:12.849, 6436312428097, datacollector.dll, TestPluginCache.DiscoverTestExtensions: Discovering the extensions using extension path.
TpTrace Verbose: 0 : 10060, 1, 2026/01/17, 22:24:12.850, 6436312430175, datacollector.dll, TestPluginCache.GetExtensionPaths: Filtered extension paths: C:\Program Files\dotnet\sdk\9.0.100\Extensions\Microsoft.TestPlatform.Extensions.BlameDataCollector.dll
C:\Program Files\dotnet\sdk\9.0.100\Extensions\Microsoft.TestPlatform.Extensions.EventLogCollector.dll
TpTrace Verbose: 0 : 10060, 1, 2026/01/17, 22:24:12.850, 6436312430687, datacollector.dll, TestPluginCache.GetExtensionPaths: Added default extension paths: 
TpTrace Verbose: 0 : 10060, 1, 2026/01/17, 22:24:12.850, 6436312431162, datacollector.dll, TestPluginCache.GetExtensionPaths: Added unfilterableExtensionPaths: 
TpTrace Verbose: 0 : 10060, 1, 2026/01/17, 22:24:12.850, 6436312431806, datacollector.dll, TestPluginCache.DiscoverTestExtensions: Discovering the extensions using allExtensionPaths: C:\Program Files\dotnet\sdk\9.0.100\Extensions\Microsoft.TestPlatform.Extensions.BlameDataCollector.dll
C:\Program Files\dotnet\sdk\9.0.100\Extensions\Microsoft.TestPlatform.Extensions.EventLogCollector.dll
TpTrace Information: 0 : 10060, 1, 2026/01/17, 22:24:12.850, 6436312433098, datacollector.dll, AssemblyResolver.AddSearchDirectories: Adding more searchDirectories C:\Program Files\dotnet\sdk\9.0.100\Extensions,C:\Program Files\dotnet\sdk\9.0.100
TpTrace Information: 0 : 10060, 1, 2026/01/17, 22:24:12.850, 6436312433901, datacollector.dll, AssemblyResolver.AddSearchDirectories: Adding more searchDirectories C:\Program Files\dotnet\sdk\9.0.100\Extensions,C:\Program Files\dotnet\sdk\9.0.100
TpTrace Information: 0 : 10060, 1, 2026/01/17, 22:24:12.850, 6436312438313, datacollector.dll, AssemblyResolver.OnResolve: Microsoft.TestPlatform.Extensions.BlameDataCollector: Resolving assembly.
TpTrace Information: 0 : 10060, 1, 2026/01/17, 22:24:12.851, 6436312439268, datacollector.dll, AssemblyResolver.OnResolve: Microsoft.TestPlatform.Extensions.BlameDataCollector: Searching in: 'C:\Program Files\dotnet\sdk\9.0.100\Extensions'.
TpTrace Information: 0 : 10060, 1, 2026/01/17, 22:24:12.872, 6436312649430, datacollector.dll, AssemblyResolver.OnResolve: Microsoft.TestPlatform.Extensions.BlameDataCollector: Loading assembly 'C:\Program Files\dotnet\sdk\9.0.100\Extensions\Microsoft.TestPlatform.Extensions.BlameDataCollector.dll'.
TpTrace Information: 0 : 10060, 1, 2026/01/17, 22:24:12.873, 6436312667259, datacollector.dll, AssemblyResolver.OnResolve: Resolved assembly: Microsoft.TestPlatform.Extensions.BlameDataCollector, from path: C:\Program Files\dotnet\sdk\9.0.100\Extensions\Microsoft.TestPlatform.Extensions.BlameDataCollector.dll
TpTrace Verbose: 0 : 10060, 1, 2026/01/17, 22:24:12.875, 6436312684412, datacollector.dll, MetadataReaderExtensionsHelper: Discovering extensions inside assembly 'Microsoft.TestPlatform.Extensions.BlameDataCollector, Version=15.0.0.0, Culture=neutral, PublicKeyToken=b03f5f7f11d50a3a' file path 'C:\Program Files\dotnet\sdk\9.0.100\Extensions\Microsoft.TestPlatform.Extensions.BlameDataCollector.dll'
TpTrace Error: 0 : 10060, 1, 2026/01/17, 22:24:12.879, 6436312728604, datacollector.dll, The type "Microsoft.TestPlatform.Extensions.BlameDataCollector.BlameCollector" defined in "Microsoft.TestPlatform.Extensions.BlameDataCollector.dll" does not have ExtensionUri attribute.
TpTrace Information: 0 : 10060, 1, 2026/01/17, 22:24:12.885, 6436312787086, datacollector.dll, GetTestExtensionFromType: Register extension with identifier data 'datacollector://microsoft/TestPlatform/Extensions/Blame/v1' and type 'Microsoft.TestPlatform.Extensions.BlameDataCollector.BlameCollector, Microsoft.TestPlatform.Extensions.BlameDataCollector, Version=15.0.0.0, Culture=neutral, PublicKeyToken=b03f5f7f11d50a3a' inside file 'C:\Program Files\dotnet\sdk\9.0.100\Extensions\Microsoft.TestPlatform.Extensions.BlameDataCollector.dll'
TpTrace Information: 0 : 10060, 1, 2026/01/17, 22:24:12.886, 6436312789259, datacollector.dll, AssemblyResolver.OnResolve: Microsoft.TestPlatform.Extensions.EventLogCollector: Resolving assembly.
TpTrace Information: 0 : 10060, 1, 2026/01/17, 22:24:12.886, 6436312790219, datacollector.dll, AssemblyResolver.OnResolve: Microsoft.TestPlatform.Extensions.EventLogCollector: Searching in: 'C:\Program Files\dotnet\sdk\9.0.100\Extensions'.
TpTrace Information: 0 : 10060, 1, 2026/01/17, 22:24:12.887, 6436312798650, datacollector.dll, AssemblyResolver.OnResolve: Microsoft.TestPlatform.Extensions.EventLogCollector: Loading assembly 'C:\Program Files\dotnet\sdk\9.0.100\Extensions\Microsoft.TestPlatform.Extensions.EventLogCollector.dll'.
TpTrace Information: 0 : 10060, 1, 2026/01/17, 22:24:12.887, 6436312807819, datacollector.dll, AssemblyResolver.OnResolve: Resolved assembly: Microsoft.TestPlatform.Extensions.EventLogCollector, from path: C:\Program Files\dotnet\sdk\9.0.100\Extensions\Microsoft.TestPlatform.Extensions.EventLogCollector.dll
TpTrace Verbose: 0 : 10060, 1, 2026/01/17, 22:24:12.888, 6436312809228, datacollector.dll, MetadataReaderExtensionsHelper: Discovering extensions inside assembly 'Microsoft.TestPlatform.Extensions.EventLogCollector, Version=15.0.0.0, Culture=neutral, PublicKeyToken=b03f5f7f11d50a3a' file path 'C:\Program Files\dotnet\sdk\9.0.100\Extensions\Microsoft.TestPlatform.Extensions.EventLogCollector.dll'
TpTrace Error: 0 : 10060, 1, 2026/01/17, 22:24:12.893, 6436312863839, datacollector.dll, The type "Microsoft.TestPlatform.Extensions.EventLogCollector.EventLogDataCollector" defined in "Microsoft.TestPlatform.Extensions.EventLogCollector.dll" does not have ExtensionUri attribute.
TpTrace Information: 0 : 10060, 1, 2026/01/17, 22:24:12.894, 6436312869012, datacollector.dll, GetTestExtensionFromType: Register extension with identifier data 'datacollector://microsoft/EventLog/2.0' and type 'Microsoft.TestPlatform.Extensions.EventLogCollector.EventLogDataCollector, Microsoft.TestPlatform.Extensions.EventLogCollector, Version=15.0.0.0, Culture=neutral, PublicKeyToken=b03f5f7f11d50a3a' inside file 'C:\Program Files\dotnet\sdk\9.0.100\Extensions\Microsoft.TestPlatform.Extensions.EventLogCollector.dll'
TpTrace Verbose: 0 : 10060, 1, 2026/01/17, 22:24:12.894, 6436312872060, datacollector.dll, TestPluginCache: Discovered the extensions using extension path 'C:\Program Files\dotnet\sdk\9.0.100\Extensions\Microsoft.TestPlatform.Extensions.BlameDataCollector.dll,C:\Program Files\dotnet\sdk\9.0.100\Extensions\Microsoft.TestPlatform.Extensions.EventLogCollector.dll'.
TpTrace Verbose: 0 : 10060, 1, 2026/01/17, 22:24:12.894, 6436312872821, datacollector.dll, TestPluginCache: Discoverers are ''.
TpTrace Verbose: 0 : 10060, 1, 2026/01/17, 22:24:12.894, 6436312873204, datacollector.dll, TestPluginCache: Executors are ''.
TpTrace Verbose: 0 : 10060, 1, 2026/01/17, 22:24:12.894, 6436312873622, datacollector.dll, TestPluginCache: Executors2 are ''.
TpTrace Verbose: 0 : 10060, 1, 2026/01/17, 22:24:12.894, 6436312873966, datacollector.dll, TestPluginCache: Setting providers are ''.
TpTrace Verbose: 0 : 10060, 1, 2026/01/17, 22:24:12.894, 6436312874260, datacollector.dll, TestPluginCache: Loggers are ''.
TpTrace Verbose: 0 : 10060, 1, 2026/01/17, 22:24:12.894, 6436312874636, datacollector.dll, TestPluginCache: TestHosts are ''.
TpTrace Verbose: 0 : 10060, 1, 2026/01/17, 22:24:12.894, 6436312876760, datacollector.dll, TestPluginCache: DataCollectors are 'datacollector://microsoft/TestPlatform/Extensions/Blame/v1,datacollector://microsoft/EventLog/2.0'.
TpTrace Information: 0 : 10060, 1, 2026/01/17, 22:24:12.899, 6436312920081, datacollector.dll, TestPluginManager.CreateTestExtension: Attempting to load test extension: Microsoft.TestPlatform.Extensions.BlameDataCollector.BlameCollector
TpTrace Information: 0 : 10060, 1, 2026/01/17, 22:24:12.906, 6436312989490, datacollector.dll, [MonitorPostmortemDump]Monitor enabled: 'False'
TpTrace Verbose: 0 : 10060, 1, 2026/01/17, 22:24:12.906, 6436312997378, datacollector.dll, MulticastDelegateUtilities.SafeInvoke: DataCollectionEvents.SessionStart: Invoking callbacks was skipped because there are no subscribers.
TpTrace Information: 0 : 10060, 1, 2026/01/17, 22:24:12.907, 6436313008123, datacollector.dll, Listening on Endpoint : 127.0.0.1:62467
TpTrace Information: 0 : 10060, 1, 2026/01/17, 22:24:12.918, 6436313112823, datacollector.dll, DataCollectionRequestHandler.ProcessRequests : DataCollection started.
TpTrace Information: 0 : 10060, 1, 2026/01/17, 22:24:12.938, 6436313313759, datacollector.dll, DataCollectionRequestHandler.ProcessRequests: Datacollector received message: (DataCollection.TestHostLaunched) -> {"MessageType":"DataCollection.TestHostLaunched","Payload":{"ProcessId":6744}}
TpTrace Verbose: 0 : 10060, 1, 2026/01/17, 22:24:12.941, 6436313339879, datacollector.dll, MulticastDelegateUtilities.SafeInvoke: DataCollectionEvents.TestHostLaunched: Invoking callback 1/1 for Microsoft.TestPlatform.Extensions.BlameDataCollector.BlameCollector., took 0 ms.
TpTrace Information: 0 : 10060, 8, 2026/01/17, 22:24:13.701, 6436320948589, datacollector.dll, Using the buffer size of 16384 bytes
TpTrace Verbose: 0 : 10060, 6, 2026/01/17, 22:24:13.701, 6436320948594, datacollector.dll, SocketCommunicationManager.WaitForClientConnection took: 789 ms, with 90000 ms timeout, and finished with True.
TpTrace Information: 0 : 10060, 8, 2026/01/17, 22:24:13.702, 6436320950215, datacollector.dll, Accepted Client request and set the flag
TpTrace Information: 0 : 10060, 6, 2026/01/17, 22:24:17.484, 6436358770517, datacollector.dll, DataCollectionTestCaseEventHandler: Test case starting.
TpTrace Information: 0 : 10060, 6, 2026/01/17, 22:24:17.510, 6436359030604, datacollector.dll, BlameCollector.EventsTestCaseStart: Test Case Start
TpTrace Verbose: 0 : 10060, 6, 2026/01/17, 22:24:17.510, 6436359034123, datacollector.dll, MulticastDelegateUtilities.SafeInvoke: DataCollectionEvents.TestCaseStart: Invoking callback 1/1 for Microsoft.TestPlatform.Extensions.BlameDataCollector.BlameCollector., took 0 ms.
TpTrace Information: 0 : 10060, 6, 2026/01/17, 22:24:17.510, 6436359037146, datacollector.dll, DataCollectionTestCaseEventHandler: Test case 'TestBasicLocators - fadeadd4-e383-bf4d-c4f2-833d00f0de2d' started.
TpTrace Information: 0 : 10060, 6, 2026/01/17, 22:24:18.023, 6436364161552, datacollector.dll, DataCollectionTestCaseEventHandler: Test case completing.
TpTrace Information: 0 : 10060, 6, 2026/01/17, 22:24:18.029, 6436364228140, datacollector.dll, BlameCollector.EventsTestCaseEnd: Test Case End
TpTrace Verbose: 0 : 10060, 6, 2026/01/17, 22:24:18.030, 6436364231845, datacollector.dll, MulticastDelegateUtilities.SafeInvoke: DataCollectionEvents.TestCaseEnd: Invoking callback 1/1 for Microsoft.TestPlatform.Extensions.BlameDataCollector.BlameCollector., took 0 ms.
TpTrace Information: 0 : 10060, 6, 2026/01/17, 22:24:18.034, 6436364270632, datacollector.dll, DataCollectionTestCaseEventHandler: Test case 'TestBasicLocators - fadeadd4-e383-bf4d-c4f2-833d00f0de2d' completed
TpTrace Information: 0 : 10060, 6, 2026/01/17, 22:24:18.049, 6436364427170, datacollector.dll, DataCollectionTestCaseEventHandler: Test case starting.
TpTrace Information: 0 : 10060, 6, 2026/01/17, 22:24:18.051, 6436364441561, datacollector.dll, BlameCollector.EventsTestCaseStart: Test Case Start
TpTrace Verbose: 0 : 10060, 6, 2026/01/17, 22:24:18.051, 6436364443411, datacollector.dll, MulticastDelegateUtilities.SafeInvoke: DataCollectionEvents.TestCaseStart: Invoking callback 1/1 for Microsoft.TestPlatform.Extensions.BlameDataCollector.BlameCollector., took 0 ms.
TpTrace Information: 0 : 10060, 6, 2026/01/17, 22:24:18.051, 6436364446129, datacollector.dll, DataCollectionTestCaseEventHandler: Test case 'TestCssLocators - 7eb54754-3748-f31f-9929-9dc8fe90c3b3' started.
TpTrace Information: 0 : 10060, 6, 2026/01/17, 22:24:18.610, 6436370030899, datacollector.dll, DataCollectionTestCaseEventHandler: Test case completing.
TpTrace Information: 0 : 10060, 6, 2026/01/17, 22:24:18.612, 6436370051009, datacollector.dll, BlameCollector.EventsTestCaseEnd: Test Case End
TpTrace Verbose: 0 : 10060, 6, 2026/01/17, 22:24:18.612, 6436370053003, datacollector.dll, MulticastDelegateUtilities.SafeInvoke: DataCollectionEvents.TestCaseEnd: Invoking callback 1/1 for Microsoft.TestPlatform.Extensions.BlameDataCollector.BlameCollector., took 0 ms.
TpTrace Information: 0 : 10060, 6, 2026/01/17, 22:24:18.612, 6436370056412, datacollector.dll, DataCollectionTestCaseEventHandler: Test case 'TestCssLocators - 7eb54754-3748-f31f-9929-9dc8fe90c3b3' completed
TpTrace Information: 0 : 10060, 6, 2026/01/17, 22:24:18.615, 6436370080460, datacollector.dll, DataCollectionTestCaseEventHandler: Test case starting.
TpTrace Information: 0 : 10060, 6, 2026/01/17, 22:24:18.616, 6436370090897, datacollector.dll, BlameCollector.EventsTestCaseStart: Test Case Start
TpTrace Verbose: 0 : 10060, 6, 2026/01/17, 22:24:18.616, 6436370092328, datacollector.dll, MulticastDelegateUtilities.SafeInvoke: DataCollectionEvents.TestCaseStart: Invoking callback 1/1 for Microsoft.TestPlatform.Extensions.BlameDataCollector.BlameCollector., took 0 ms.
TpTrace Information: 0 : 10060, 6, 2026/01/17, 22:24:18.616, 6436370094321, datacollector.dll, DataCollectionTestCaseEventHandler: Test case 'TestTextLinkLocators - 46b8816e-c0de-c46a-a397-71d908c4ec1f' started.
TpTrace Information: 0 : 10060, 6, 2026/01/17, 22:24:18.668, 6436370614941, datacollector.dll, DataCollectionTestCaseEventHandler: Test case completing.
TpTrace Information: 0 : 10060, 6, 2026/01/17, 22:24:18.669, 6436370627256, datacollector.dll, BlameCollector.EventsTestCaseEnd: Test Case End
TpTrace Verbose: 0 : 10060, 6, 2026/01/17, 22:24:18.670, 6436370629149, datacollector.dll, MulticastDelegateUtilities.SafeInvoke: DataCollectionEvents.TestCaseEnd: Invoking callback 1/1 for Microsoft.TestPlatform.Extensions.BlameDataCollector.BlameCollector., took 0 ms.
TpTrace Information: 0 : 10060, 6, 2026/01/17, 22:24:18.670, 6436370631290, datacollector.dll, DataCollectionTestCaseEventHandler: Test case 'TestTextLinkLocators - 46b8816e-c0de-c46a-a397-71d908c4ec1f' completed
TpTrace Information: 0 : 10060, 6, 2026/01/17, 22:24:18.672, 6436370651689, datacollector.dll, DataCollectionTestCaseEventHandler: Test case starting.
TpTrace Information: 0 : 10060, 6, 2026/01/17, 22:24:18.673, 6436370661076, datacollector.dll, BlameCollector.EventsTestCaseStart: Test Case Start
TpTrace Verbose: 0 : 10060, 6, 2026/01/17, 22:24:18.674, 6436370669980, datacollector.dll, MulticastDelegateUtilities.SafeInvoke: DataCollectionEvents.TestCaseStart: Invoking callback 1/1 for Microsoft.TestPlatform.Extensions.BlameDataCollector.BlameCollector., took 0 ms.
TpTrace Information: 0 : 10060, 6, 2026/01/17, 22:24:18.674, 6436370676132, datacollector.dll, DataCollectionTestCaseEventHandler: Test case 'TestXPath - bf0e7957-ad0d-0da3-d8db-6e69e95333cb' started.
TpTrace Information: 0 : 10060, 6, 2026/01/17, 22:24:18.830, 6436372238594, datacollector.dll, DataCollectionTestCaseEventHandler: Test case completing.
TpTrace Information: 0 : 10060, 6, 2026/01/17, 22:24:18.832, 6436372250305, datacollector.dll, BlameCollector.EventsTestCaseEnd: Test Case End
TpTrace Verbose: 0 : 10060, 6, 2026/01/17, 22:24:18.832, 6436372251986, datacollector.dll, MulticastDelegateUtilities.SafeInvoke: DataCollectionEvents.TestCaseEnd: Invoking callback 1/1 for Microsoft.TestPlatform.Extensions.BlameDataCollector.BlameCollector., took 0 ms.
TpTrace Information: 0 : 10060, 6, 2026/01/17, 22:24:18.832, 6436372254440, datacollector.dll, DataCollectionTestCaseEventHandler: Test case 'TestXPath - bf0e7957-ad0d-0da3-d8db-6e69e95333cb' completed
TpTrace Information: 0 : 10060, 6, 2026/01/17, 22:24:19.073, 6436374665377, datacollector.dll, DataCollectionTestCaseEventHandler: Test session ended
TpTrace Information: 0 : 10060, 1, 2026/01/17, 22:24:19.154, 6436375473547, datacollector.dll, DataCollectionRequestHandler.ProcessRequests: Datacollector received message: (DataCollection.AfterTestRunEnd) -> {"MessageType":"DataCollection.AfterTestRunEnd","Payload":false}
TpTrace Information: 0 : 10060, 1, 2026/01/17, 22:24:19.155, 6436375486508, datacollector.dll, Blame Collector: Session End
TpTrace Information: 0 : 10060, 1, 2026/01/17, 22:24:19.155, 6436375487526, datacollector.dll, BlameCollector.CollectDumpAndAbortTesthost: Custom path to dump directory was provided via VSTEST_DUMP_PATH. Skipping attachment upload, the caller is responsible for collecting and uploading the dumps themselves.
TpTrace Verbose: 0 : 10060, 1, 2026/01/17, 22:24:19.155, 6436375488536, datacollector.dll, MulticastDelegateUtilities.SafeInvoke: DataCollectionEvents.SessionEnd: Invoking callback 1/1 for Microsoft.TestPlatform.Extensions.BlameDataCollector.BlameCollector., took 0 ms.
TpTrace Information: 0 : 10060, 1, 2026/01/17, 22:24:19.157, 6436375498667, datacollector.dll, DataCollectionManager.CleanupPlugins: CleanupPlugins called
TpTrace Verbose: 0 : 10060, 1, 2026/01/17, 22:24:19.157, 6436375499558, datacollector.dll, DataCollectionManager.CleanupPlugins: Cleaning up 1 plugins
TpTrace Verbose: 0 : 10060, 1, 2026/01/17, 22:24:19.157, 6436375500568, datacollector.dll, dataCollectorInfo.DisposeDataCollector: calling Dispose() on Microsoft.TestPlatform.Extensions.BlameDataCollector.BlameCollector
TpTrace Information: 0 : 10060, 1, 2026/01/17, 22:24:19.157, 6436375501387, datacollector.dll, DataCollectionManager.CleanupPlugins: CleanupPlugins finished
TpTrace Information: 0 : 10060, 1, 2026/01/17, 22:24:19.167, 6436375604972, datacollector.dll, DataCollectionRequestHandler.ProcessRequests : Session End message received from server. Closing the connection.
TpTrace Information: 0 : 10060, 1, 2026/01/17, 22:24:19.168, 6436375608831, datacollector.dll, Closing the connection !
TpTrace Information: 0 : 10060, 1, 2026/01/17, 22:24:19.168, 6436375609876, datacollector.dll, DataCollectionRequestHandler.ProcessRequests : DataCollection completed
TpTrace Information: 0 : 10060, 1, 2026/01/17, 22:24:19.168, 6436375610752, datacollector.dll, Program.Main: exiting datacollector process.
