TpTrace Verbose: 0 : 16068, 1, 2026/01/17, 19:58:07.561, 6348659542030, datacollector.dll, Version: 17.12.0-release-24508-01
TpTrace Information: 0 : 16068, 1, 2026/01/17, 19:58:07.569, 6348659622167, datacollector.dll, DataCollectorMain.Run: Starting data collector run with args: --port,50353,--parentprocessid,17572,--diag,C:\Users\TOSHIBA\source\repos\1.QA Wiki\3.PracticeLocators\bin\Debug\net8.0\fine-code-coverage\coverage-tool-output\diagnostics.datacollector.26-01-17_19-58-07_39328_5.log,--tracelevel,4
TpTrace Information: 0 : 16068, 1, 2026/01/17, 19:58:07.569, 6348659623338, datacollector.dll, DataCollector: Monitoring parent process with id: '17572'
TpTrace Information: 0 : 16068, 1, 2026/01/17, 19:58:07.584, 6348659772367, datacollector.dll, Trying to connect to server on socket : 127.0.0.1:50353 
TpTrace Verbose: 0 : 16068, 1, 2026/01/17, 19:58:07.595, 6348659885825, datacollector.dll, SocketCommunicationManager : SetupClientAsync : Attempting to connect to the server.
TpTrace Information: 0 : 16068, 1, 2026/01/17, 19:58:07.604, 6348659973524, datacollector.dll, Connected to the server successfully 
TpTrace Information: 0 : 16068, 1, 2026/01/17, 19:58:07.604, 6348659974274, datacollector.dll, Using the buffer size of 16384 bytes
TpTrace Information: 0 : 16068, 1, 2026/01/17, 19:58:07.681, 6348660740786, datacollector.dll, DataCollector: Start Request Processing.
TpTrace Verbose: 0 : 16068, 1, 2026/01/17, 19:58:07.681, 6348660742925, datacollector.dll, SocketCommunicationManager.WaitForServerConnection took: 0 ms, with 90000 ms timeout, and finished with True.
TpTrace Information: 0 : 16068, 1, 2026/01/17, 19:58:07.685, 6348660784151, datacollector.dll, DataCollectionRequestHandler.ProcessRequests: Datacollector received message: (DataCollection.BeforeTestRunStart) -> {"MessageType":"DataCollection.BeforeTestRunStart","Payload":{"SettingsXml":"<RunSettings><RunConfiguration><ResultsDirectory>C:\\Users\\TOSHIBA\\source\\repos\\1.QA Wiki\\3.PracticeLocators\\bin\\Debug\\net8.0\\fine-code-coverage\\coverage-tool-output</ResultsDirectory><TargetPlatform>X64</TargetPlatform><TargetFrameworkVersion>.NETCoreApp,Version=v8.0</TargetFrameworkVersion><DesignMode>False</DesignMode><CollectSourceInformation>False</CollectSourceInformation><TestAdaptersPaths>C:\\Program Files\\dotnet\\sdk\\9.0.100\\Extensions</TestAdaptersPaths></RunConfiguration><LoggerRunSettings><Loggers><Logger friendlyName=\"blame\" enabled=\"True\" /><Logger friendlyName=\"Console\" uri=\"logger://microsoft/TestPlatform/ConsoleLogger/v1\" assemblyQualifiedName=\"Microsoft.VisualStudio.TestPlatform.CommandLine.Internal.ConsoleLogger, vstest.console, Version=15.0.0.0, Culture=neutral, PublicKeyToken=b03f5f7f11d50a3a\" codeBase=\"C:\\Program Files\\dotnet\\sdk\\9.0.100\\vstest.console.dll\" enabled=\"True\" /></Loggers></LoggerRunSettings><DataCollectionRunSettings><DataCollectors><DataCollector friendlyName=\"blame\" enabled=\"True\"><Configuration><ResultsDirectory>C:\\Users\\TOSHIBA\\source\\repos\\1.QA Wiki\\3.PracticeLocators\\bin\\Debug\\net8.0\\fine-code-coverage\\coverage-tool-output</ResultsDirectory></Configuration></DataCollector></DataCollectors></DataCollectionRunSettings></RunSettings>","Sources":["C:\\Users\\TOSHIBA\\source\\repos\\1.QA Wiki\\3.PracticeLocators\\bin\\Debug\\net8.0\\fine-code-coverage\\build-output\\3.PracticeLocators.dll"],"IsTelemetryOptedIn":false}}
TpTrace Verbose: 0 : 16068, 1, 2026/01/17, 19:58:07.737, 6348661307054, datacollector.dll, TestPluginCache: Update extensions started. Skip filter = False
TpTrace Verbose: 0 : 16068, 1, 2026/01/17, 19:58:07.738, 6348661316314, datacollector.dll, TestPluginCache: Using directories for assembly resolution 'C:\Program Files\dotnet\sdk\9.0.100\Extensions'.
TpTrace Verbose: 0 : 16068, 1, 2026/01/17, 19:58:07.738, 6348661317279, datacollector.dll, TestPluginCache: Updated the available extensions to 'C:\Program Files\dotnet\sdk\9.0.100\Extensions\Microsoft.TestPlatform.Extensions.BlameDataCollector.dll,C:\Program Files\dotnet\sdk\9.0.100\Extensions\Microsoft.TestPlatform.Extensions.EventLogCollector.dll'.
TpTrace Verbose: 0 : 16068, 1, 2026/01/17, 19:58:07.745, 6348661384433, datacollector.dll, TestPluginCache.DiscoverTestExtensions: finding test extensions in assemblies ends with: Collector.dll TPluginInfo: Microsoft.VisualStudio.TestPlatform.Common.DataCollector.DataCollectorConfig TExtension: Microsoft.VisualStudio.TestPlatform.ObjectModel.DataCollection.DataCollector
TpTrace Verbose: 0 : 16068, 1, 2026/01/17, 19:58:07.746, 6348661395827, datacollector.dll, TestPluginCache.GetExtensionPaths: Filtered extension paths: C:\Program Files\dotnet\sdk\9.0.100\Extensions\Microsoft.TestPlatform.Extensions.BlameDataCollector.dll
C:\Program Files\dotnet\sdk\9.0.100\Extensions\Microsoft.TestPlatform.Extensions.EventLogCollector.dll
TpTrace Verbose: 0 : 16068, 1, 2026/01/17, 19:58:07.746, 6348661396405, datacollector.dll, TestPluginCache.GetExtensionPaths: Added default extension paths: 
TpTrace Verbose: 0 : 16068, 1, 2026/01/17, 19:58:07.746, 6348661396738, datacollector.dll, TestPluginCache.GetExtensionPaths: Added unfilterableExtensionPaths: 
TpTrace Information: 0 : 16068, 1, 2026/01/17, 19:58:07.747, 6348661401901, datacollector.dll, AssemblyResolver.ctor: Creating AssemblyResolver with searchDirectories C:\Program Files\dotnet\sdk\9.0.100\Extensions,C:\Program Files\dotnet\sdk\9.0.100
TpTrace Verbose: 0 : 16068, 1, 2026/01/17, 19:58:07.748, 6348661415805, datacollector.dll, TestPluginCache.DiscoverTestExtensions: Discovering the extensions using extension path.
TpTrace Verbose: 0 : 16068, 1, 2026/01/17, 19:58:07.748, 6348661417614, datacollector.dll, TestPluginCache.GetExtensionPaths: Filtered extension paths: C:\Program Files\dotnet\sdk\9.0.100\Extensions\Microsoft.TestPlatform.Extensions.BlameDataCollector.dll
C:\Program Files\dotnet\sdk\9.0.100\Extensions\Microsoft.TestPlatform.Extensions.EventLogCollector.dll
TpTrace Verbose: 0 : 16068, 1, 2026/01/17, 19:58:07.748, 6348661418146, datacollector.dll, TestPluginCache.GetExtensionPaths: Added default extension paths: 
TpTrace Verbose: 0 : 16068, 1, 2026/01/17, 19:58:07.748, 6348661418470, datacollector.dll, TestPluginCache.GetExtensionPaths: Added unfilterableExtensionPaths: 
TpTrace Verbose: 0 : 16068, 1, 2026/01/17, 19:58:07.749, 6348661419151, datacollector.dll, TestPluginCache.DiscoverTestExtensions: Discovering the extensions using allExtensionPaths: C:\Program Files\dotnet\sdk\9.0.100\Extensions\Microsoft.TestPlatform.Extensions.BlameDataCollector.dll
C:\Program Files\dotnet\sdk\9.0.100\Extensions\Microsoft.TestPlatform.Extensions.EventLogCollector.dll
TpTrace Information: 0 : 16068, 1, 2026/01/17, 19:58:07.749, 6348661420330, datacollector.dll, AssemblyResolver.AddSearchDirectories: Adding more searchDirectories C:\Program Files\dotnet\sdk\9.0.100\Extensions,C:\Program Files\dotnet\sdk\9.0.100
TpTrace Information: 0 : 16068, 1, 2026/01/17, 19:58:07.749, 6348661420948, datacollector.dll, AssemblyResolver.AddSearchDirectories: Adding more searchDirectories C:\Program Files\dotnet\sdk\9.0.100\Extensions,C:\Program Files\dotnet\sdk\9.0.100
TpTrace Information: 0 : 16068, 1, 2026/01/17, 19:58:07.749, 6348661425817, datacollector.dll, AssemblyResolver.OnResolve: Microsoft.TestPlatform.Extensions.BlameDataCollector: Resolving assembly.
TpTrace Information: 0 : 16068, 1, 2026/01/17, 19:58:07.749, 6348661426775, datacollector.dll, AssemblyResolver.OnResolve: Microsoft.TestPlatform.Extensions.BlameDataCollector: Searching in: 'C:\Program Files\dotnet\sdk\9.0.100\Extensions'.
TpTrace Information: 0 : 16068, 1, 2026/01/17, 19:58:07.768, 6348661618610, datacollector.dll, AssemblyResolver.OnResolve: Microsoft.TestPlatform.Extensions.BlameDataCollector: Loading assembly 'C:\Program Files\dotnet\sdk\9.0.100\Extensions\Microsoft.TestPlatform.Extensions.BlameDataCollector.dll'.
TpTrace Information: 0 : 16068, 1, 2026/01/17, 19:58:07.769, 6348661627556, datacollector.dll, AssemblyResolver.OnResolve: Resolved assembly: Microsoft.TestPlatform.Extensions.BlameDataCollector, from path: C:\Program Files\dotnet\sdk\9.0.100\Extensions\Microsoft.TestPlatform.Extensions.BlameDataCollector.dll
TpTrace Verbose: 0 : 16068, 1, 2026/01/17, 19:58:07.771, 6348661639249, datacollector.dll, MetadataReaderExtensionsHelper: Discovering extensions inside assembly 'Microsoft.TestPlatform.Extensions.BlameDataCollector, Version=15.0.0.0, Culture=neutral, PublicKeyToken=b03f5f7f11d50a3a' file path 'C:\Program Files\dotnet\sdk\9.0.100\Extensions\Microsoft.TestPlatform.Extensions.BlameDataCollector.dll'
TpTrace Error: 0 : 16068, 1, 2026/01/17, 19:58:07.773, 6348661668268, datacollector.dll, The type "Microsoft.TestPlatform.Extensions.BlameDataCollector.BlameCollector" defined in "Microsoft.TestPlatform.Extensions.BlameDataCollector.dll" does not have ExtensionUri attribute.
TpTrace Information: 0 : 16068, 1, 2026/01/17, 19:58:07.778, 6348661711777, datacollector.dll, GetTestExtensionFromType: Register extension with identifier data 'datacollector://microsoft/TestPlatform/Extensions/Blame/v1' and type 'Microsoft.TestPlatform.Extensions.BlameDataCollector.BlameCollector, Microsoft.TestPlatform.Extensions.BlameDataCollector, Version=15.0.0.0, Culture=neutral, PublicKeyToken=b03f5f7f11d50a3a' inside file 'C:\Program Files\dotnet\sdk\9.0.100\Extensions\Microsoft.TestPlatform.Extensions.BlameDataCollector.dll'
TpTrace Information: 0 : 16068, 1, 2026/01/17, 19:58:07.778, 6348661713366, datacollector.dll, AssemblyResolver.OnResolve: Microsoft.TestPlatform.Extensions.EventLogCollector: Resolving assembly.
TpTrace Information: 0 : 16068, 1, 2026/01/17, 19:58:07.778, 6348661713985, datacollector.dll, AssemblyResolver.OnResolve: Microsoft.TestPlatform.Extensions.EventLogCollector: Searching in: 'C:\Program Files\dotnet\sdk\9.0.100\Extensions'.
TpTrace Information: 0 : 16068, 1, 2026/01/17, 19:58:07.779, 6348661722093, datacollector.dll, AssemblyResolver.OnResolve: Microsoft.TestPlatform.Extensions.EventLogCollector: Loading assembly 'C:\Program Files\dotnet\sdk\9.0.100\Extensions\Microsoft.TestPlatform.Extensions.EventLogCollector.dll'.
TpTrace Information: 0 : 16068, 1, 2026/01/17, 19:58:07.780, 6348661730063, datacollector.dll, AssemblyResolver.OnResolve: Resolved assembly: Microsoft.TestPlatform.Extensions.EventLogCollector, from path: C:\Program Files\dotnet\sdk\9.0.100\Extensions\Microsoft.TestPlatform.Extensions.EventLogCollector.dll
TpTrace Verbose: 0 : 16068, 1, 2026/01/17, 19:58:07.780, 6348661731064, datacollector.dll, MetadataReaderExtensionsHelper: Discovering extensions inside assembly 'Microsoft.TestPlatform.Extensions.EventLogCollector, Version=15.0.0.0, Culture=neutral, PublicKeyToken=b03f5f7f11d50a3a' file path 'C:\Program Files\dotnet\sdk\9.0.100\Extensions\Microsoft.TestPlatform.Extensions.EventLogCollector.dll'
TpTrace Error: 0 : 16068, 1, 2026/01/17, 19:58:07.784, 6348661775026, datacollector.dll, The type "Microsoft.TestPlatform.Extensions.EventLogCollector.EventLogDataCollector" defined in "Microsoft.TestPlatform.Extensions.EventLogCollector.dll" does not have ExtensionUri attribute.
TpTrace Information: 0 : 16068, 1, 2026/01/17, 19:58:07.785, 6348661779270, datacollector.dll, GetTestExtensionFromType: Register extension with identifier data 'datacollector://microsoft/EventLog/2.0' and type 'Microsoft.TestPlatform.Extensions.EventLogCollector.EventLogDataCollector, Microsoft.TestPlatform.Extensions.EventLogCollector, Version=15.0.0.0, Culture=neutral, PublicKeyToken=b03f5f7f11d50a3a' inside file 'C:\Program Files\dotnet\sdk\9.0.100\Extensions\Microsoft.TestPlatform.Extensions.EventLogCollector.dll'
TpTrace Verbose: 0 : 16068, 1, 2026/01/17, 19:58:07.785, 6348661781937, datacollector.dll, TestPluginCache: Discovered the extensions using extension path 'C:\Program Files\dotnet\sdk\9.0.100\Extensions\Microsoft.TestPlatform.Extensions.BlameDataCollector.dll,C:\Program Files\dotnet\sdk\9.0.100\Extensions\Microsoft.TestPlatform.Extensions.EventLogCollector.dll'.
TpTrace Verbose: 0 : 16068, 1, 2026/01/17, 19:58:07.785, 6348661782559, datacollector.dll, TestPluginCache: Discoverers are ''.
TpTrace Verbose: 0 : 16068, 1, 2026/01/17, 19:58:07.785, 6348661782905, datacollector.dll, TestPluginCache: Executors are ''.
TpTrace Verbose: 0 : 16068, 1, 2026/01/17, 19:58:07.785, 6348661783263, datacollector.dll, TestPluginCache: Executors2 are ''.
TpTrace Verbose: 0 : 16068, 1, 2026/01/17, 19:58:07.785, 6348661783590, datacollector.dll, TestPluginCache: Setting providers are ''.
TpTrace Verbose: 0 : 16068, 1, 2026/01/17, 19:58:07.785, 6348661783885, datacollector.dll, TestPluginCache: Loggers are ''.
TpTrace Verbose: 0 : 16068, 1, 2026/01/17, 19:58:07.785, 6348661784162, datacollector.dll, TestPluginCache: TestHosts are ''.
TpTrace Verbose: 0 : 16068, 1, 2026/01/17, 19:58:07.785, 6348661786231, datacollector.dll, TestPluginCache: DataCollectors are 'datacollector://microsoft/TestPlatform/Extensions/Blame/v1,datacollector://microsoft/EventLog/2.0'.
TpTrace Information: 0 : 16068, 1, 2026/01/17, 19:58:07.788, 6348661812811, datacollector.dll, TestPluginManager.CreateTestExtension: Attempting to load test extension: Microsoft.TestPlatform.Extensions.BlameDataCollector.BlameCollector
TpTrace Information: 0 : 16068, 1, 2026/01/17, 19:58:07.795, 6348661882156, datacollector.dll, [MonitorPostmortemDump]Monitor enabled: 'False'
TpTrace Verbose: 0 : 16068, 1, 2026/01/17, 19:58:07.796, 6348661890001, datacollector.dll, MulticastDelegateUtilities.SafeInvoke: DataCollectionEvents.SessionStart: Invoking callbacks was skipped because there are no subscribers.
TpTrace Information: 0 : 16068, 1, 2026/01/17, 19:58:07.797, 6348661901091, datacollector.dll, Listening on Endpoint : 127.0.0.1:50355
TpTrace Information: 0 : 16068, 1, 2026/01/17, 19:58:07.808, 6348662018466, datacollector.dll, DataCollectionRequestHandler.ProcessRequests : DataCollection started.
TpTrace Information: 0 : 16068, 1, 2026/01/17, 19:58:07.830, 6348662237056, datacollector.dll, DataCollectionRequestHandler.ProcessRequests: Datacollector received message: (DataCollection.TestHostLaunched) -> {"MessageType":"DataCollection.TestHostLaunched","Payload":{"ProcessId":12148}}
TpTrace Verbose: 0 : 16068, 1, 2026/01/17, 19:58:07.833, 6348662267050, datacollector.dll, MulticastDelegateUtilities.SafeInvoke: DataCollectionEvents.TestHostLaunched: Invoking callback 1/1 for Microsoft.TestPlatform.Extensions.BlameDataCollector.BlameCollector., took 0 ms.
TpTrace Information: 0 : 16068, 8, 2026/01/17, 19:58:08.117, 6348665102808, datacollector.dll, Using the buffer size of 16384 bytes
TpTrace Verbose: 0 : 16068, 6, 2026/01/17, 19:58:08.117, 6348665102902, datacollector.dll, SocketCommunicationManager.WaitForClientConnection took: 315 ms, with 90000 ms timeout, and finished with True.
TpTrace Information: 0 : 16068, 8, 2026/01/17, 19:58:08.117, 6348665104058, datacollector.dll, Accepted Client request and set the flag
