TpTrace Verbose: 0 : 17572, 1, 2026/01/17, 19:58:07.133, 6348655262598, vstest.console.dll, Version: 17.12.0-release-24508-01 Current process architecture: X64
TpTrace Verbose: 0 : 17572, 1, 2026/01/17, 19:58:07.138, 6348655309267, vstest.console.dll, Runtime location: C:\Program Files\dotnet\shared\Microsoft.NETCore.App\9.0.0
TpTrace Verbose: 0 : 17572, 1, 2026/01/17, 19:58:07.146, 6348655396375, vstest.console.dll, ArtifactProcessingPostProcessModeProcessorExecutor.Initialize: ArtifactProcessingMode.Collect
TpTrace Verbose: 0 : 17572, 1, 2026/01/17, 19:58:07.146, 6348655398189, vstest.console.dll, TestSessionCorrelationIdProcessorModeProcessorExecutor.Initialize: TestSessionCorrelationId '8844_9bdcd4d7-c7fa-4c07-ad45-b062cca9bb19'
TpTrace Information: 0 : 17572, 1, 2026/01/17, 19:58:07.158, 6348655512946, vstest.console.dll, FilePatternParser: The given file C:\Users\TOSHIBA\source\repos\1.QA Wiki\3.PracticeLocators\bin\Debug\net8.0\fine-code-coverage\build-output\3.PracticeLocators.dll is a full path.
TpTrace Verbose: 0 : 17572, 1, 2026/01/17, 19:58:07.171, 6348655647649, vstest.console.dll, TestPluginCache.DiscoverTestExtensions: finding test extensions in assemblies ends with: RuntimeProvider.dll TPluginInfo: Microsoft.VisualStudio.TestPlatform.Common.ExtensionFramework.Utilities.TestRuntimePluginInformation TExtension: Microsoft.VisualStudio.TestPlatform.ObjectModel.Host.ITestRuntimeProvider
TpTrace Verbose: 0 : 17572, 1, 2026/01/17, 19:58:07.172, 6348655652071, vstest.console.dll, TestPluginCache.GetExtensionPaths: Filtered extension paths: 
TpTrace Verbose: 0 : 17572, 1, 2026/01/17, 19:58:07.172, 6348655653222, vstest.console.dll, TestPluginCache.GetExtensionPaths: Added default extension paths: C:\Program Files\dotnet\sdk\9.0.100\Extensions\Microsoft.Diagnostics.NETCore.Client.dll
C:\Program Files\dotnet\sdk\9.0.100\Extensions\Microsoft.TestPlatform.Extensions.BlameDataCollector.dll
C:\Program Files\dotnet\sdk\9.0.100\Extensions\Microsoft.TestPlatform.Extensions.EventLogCollector.dll
C:\Program Files\dotnet\sdk\9.0.100\Extensions\Microsoft.TestPlatform.TestHostRuntimeProvider.dll
C:\Program Files\dotnet\sdk\9.0.100\Extensions\Microsoft.VisualStudio.TestPlatform.Extensions.Html.TestLogger.dll
C:\Program Files\dotnet\sdk\9.0.100\Extensions\Microsoft.VisualStudio.TestPlatform.Extensions.Trx.TestLogger.dll
TpTrace Verbose: 0 : 17572, 1, 2026/01/17, 19:58:07.172, 6348655653789, vstest.console.dll, TestPluginCache.GetExtensionPaths: Added unfilterableExtensionPaths: 
TpTrace Information: 0 : 17572, 1, 2026/01/17, 19:58:07.173, 6348655660569, vstest.console.dll, AssemblyResolver.ctor: Creating AssemblyResolver with searchDirectories C:\Program Files\dotnet\sdk\9.0.100\Extensions,C:\Program Files\dotnet\sdk\9.0.100
TpTrace Verbose: 0 : 17572, 1, 2026/01/17, 19:58:07.175, 6348655686028, vstest.console.dll, TestPluginCache.DiscoverTestExtensions: Discovering the extensions using extension path.
TpTrace Verbose: 0 : 17572, 1, 2026/01/17, 19:58:07.175, 6348655688049, vstest.console.dll, TestPluginCache.GetExtensionPaths: Filtered extension paths: 
TpTrace Verbose: 0 : 17572, 1, 2026/01/17, 19:58:07.175, 6348655688588, vstest.console.dll, TestPluginCache.GetExtensionPaths: Added default extension paths: C:\Program Files\dotnet\sdk\9.0.100\Extensions\Microsoft.Diagnostics.NETCore.Client.dll
C:\Program Files\dotnet\sdk\9.0.100\Extensions\Microsoft.TestPlatform.Extensions.BlameDataCollector.dll
C:\Program Files\dotnet\sdk\9.0.100\Extensions\Microsoft.TestPlatform.Extensions.EventLogCollector.dll
C:\Program Files\dotnet\sdk\9.0.100\Extensions\Microsoft.TestPlatform.TestHostRuntimeProvider.dll
C:\Program Files\dotnet\sdk\9.0.100\Extensions\Microsoft.VisualStudio.TestPlatform.Extensions.Html.TestLogger.dll
C:\Program Files\dotnet\sdk\9.0.100\Extensions\Microsoft.VisualStudio.TestPlatform.Extensions.Trx.TestLogger.dll
TpTrace Verbose: 0 : 17572, 1, 2026/01/17, 19:58:07.176, 6348655689003, vstest.console.dll, TestPluginCache.GetExtensionPaths: Added unfilterableExtensionPaths: 
TpTrace Verbose: 0 : 17572, 1, 2026/01/17, 19:58:07.176, 6348655689752, vstest.console.dll, TestPluginCache.DiscoverTestExtensions: Discovering the extensions using allExtensionPaths: C:\Program Files\dotnet\sdk\9.0.100\Extensions\Microsoft.Diagnostics.NETCore.Client.dll
C:\Program Files\dotnet\sdk\9.0.100\Extensions\Microsoft.TestPlatform.Extensions.BlameDataCollector.dll
C:\Program Files\dotnet\sdk\9.0.100\Extensions\Microsoft.TestPlatform.Extensions.EventLogCollector.dll
C:\Program Files\dotnet\sdk\9.0.100\Extensions\Microsoft.TestPlatform.TestHostRuntimeProvider.dll
C:\Program Files\dotnet\sdk\9.0.100\Extensions\Microsoft.VisualStudio.TestPlatform.Extensions.Html.TestLogger.dll
C:\Program Files\dotnet\sdk\9.0.100\Extensions\Microsoft.VisualStudio.TestPlatform.Extensions.Trx.TestLogger.dll
TpTrace Information: 0 : 17572, 1, 2026/01/17, 19:58:07.176, 6348655691416, vstest.console.dll, AssemblyResolver.AddSearchDirectories: Adding more searchDirectories C:\Program Files\dotnet\sdk\9.0.100\Extensions,C:\Program Files\dotnet\sdk\9.0.100
TpTrace Information: 0 : 17572, 1, 2026/01/17, 19:58:07.176, 6348655692083, vstest.console.dll, AssemblyResolver.AddSearchDirectories: Adding more searchDirectories C:\Program Files\dotnet\sdk\9.0.100\Extensions,C:\Program Files\dotnet\sdk\9.0.100
TpTrace Information: 0 : 17572, 1, 2026/01/17, 19:58:07.176, 6348655692500, vstest.console.dll, AssemblyResolver.AddSearchDirectories: Adding more searchDirectories C:\Program Files\dotnet\sdk\9.0.100\Extensions,C:\Program Files\dotnet\sdk\9.0.100
TpTrace Information: 0 : 17572, 1, 2026/01/17, 19:58:07.176, 6348655692990, vstest.console.dll, AssemblyResolver.AddSearchDirectories: Adding more searchDirectories C:\Program Files\dotnet\sdk\9.0.100\Extensions,C:\Program Files\dotnet\sdk\9.0.100
TpTrace Information: 0 : 17572, 1, 2026/01/17, 19:58:07.176, 6348655693339, vstest.console.dll, AssemblyResolver.AddSearchDirectories: Adding more searchDirectories C:\Program Files\dotnet\sdk\9.0.100\Extensions,C:\Program Files\dotnet\sdk\9.0.100
TpTrace Information: 0 : 17572, 1, 2026/01/17, 19:58:07.176, 6348655693675, vstest.console.dll, AssemblyResolver.AddSearchDirectories: Adding more searchDirectories C:\Program Files\dotnet\sdk\9.0.100\Extensions,C:\Program Files\dotnet\sdk\9.0.100
TpTrace Information: 0 : 17572, 1, 2026/01/17, 19:58:07.177, 6348655699412, vstest.console.dll, AssemblyResolver.OnResolve: Microsoft.Diagnostics.NETCore.Client: Resolving assembly.
TpTrace Information: 0 : 17572, 1, 2026/01/17, 19:58:07.177, 6348655700368, vstest.console.dll, AssemblyResolver.OnResolve: Microsoft.Diagnostics.NETCore.Client: Searching in: 'C:\Program Files\dotnet\sdk\9.0.100\Extensions'.
TpTrace Information: 0 : 17572, 1, 2026/01/17, 19:58:07.198, 6348655909309, vstest.console.dll, AssemblyResolver.OnResolve: Microsoft.Diagnostics.NETCore.Client: Loading assembly 'C:\Program Files\dotnet\sdk\9.0.100\Extensions\Microsoft.Diagnostics.NETCore.Client.dll'.
TpTrace Information: 0 : 17572, 1, 2026/01/17, 19:58:07.200, 6348655936508, vstest.console.dll, AssemblyResolver.OnResolve: Resolved assembly: Microsoft.Diagnostics.NETCore.Client, from path: C:\Program Files\dotnet\sdk\9.0.100\Extensions\Microsoft.Diagnostics.NETCore.Client.dll
TpTrace Verbose: 0 : 17572, 1, 2026/01/17, 19:58:07.202, 6348655952334, vstest.console.dll, MetadataReaderExtensionsHelper: Discovering extensions inside assembly 'Microsoft.Diagnostics.NETCore.Client, Version=0.2.10.41601, Culture=neutral, PublicKeyToken=31bf3856ad364e35' file path 'C:\Program Files\dotnet\sdk\9.0.100\Extensions\Microsoft.Diagnostics.NETCore.Client.dll'
TpTrace Information: 0 : 17572, 1, 2026/01/17, 19:58:07.208, 6348656016842, vstest.console.dll, AssemblyResolver.OnResolve: Microsoft.Bcl.AsyncInterfaces: Resolving assembly.
TpTrace Information: 0 : 17572, 1, 2026/01/17, 19:58:07.208, 6348656018095, vstest.console.dll, AssemblyResolver.OnResolve: Microsoft.Bcl.AsyncInterfaces: Searching in: 'C:\Program Files\dotnet\sdk\9.0.100\Extensions'.
TpTrace Information: 0 : 17572, 1, 2026/01/17, 19:58:07.209, 6348656019545, vstest.console.dll, AssemblyResolver.OnResolve: Microsoft.Bcl.AsyncInterfaces: Assembly path does not exist: 'C:\Program Files\dotnet\sdk\9.0.100\Extensions\Microsoft.Bcl.AsyncInterfaces.dll', returning.
TpTrace Information: 0 : 17572, 1, 2026/01/17, 19:58:07.209, 6348656021053, vstest.console.dll, AssemblyResolver.OnResolve: Microsoft.Bcl.AsyncInterfaces: Assembly path does not exist: 'C:\Program Files\dotnet\sdk\9.0.100\Extensions\Microsoft.Bcl.AsyncInterfaces.exe', returning.
TpTrace Information: 0 : 17572, 1, 2026/01/17, 19:58:07.209, 6348656021517, vstest.console.dll, AssemblyResolver.OnResolve: Microsoft.Bcl.AsyncInterfaces: Searching in: 'C:\Program Files\dotnet\sdk\9.0.100'.
TpTrace Information: 0 : 17572, 1, 2026/01/17, 19:58:07.209, 6348656022259, vstest.console.dll, AssemblyResolver.OnResolve: Microsoft.Bcl.AsyncInterfaces: Assembly path does not exist: 'C:\Program Files\dotnet\sdk\9.0.100\Microsoft.Bcl.AsyncInterfaces.dll', returning.
TpTrace Information: 0 : 17572, 1, 2026/01/17, 19:58:07.209, 6348656022951, vstest.console.dll, AssemblyResolver.OnResolve: Microsoft.Bcl.AsyncInterfaces: Assembly path does not exist: 'C:\Program Files\dotnet\sdk\9.0.100\Microsoft.Bcl.AsyncInterfaces.exe', returning.
TpTrace Information: 0 : 17572, 1, 2026/01/17, 19:58:07.209, 6348656023306, vstest.console.dll, AssemblyResolver.OnResolve: Microsoft.Bcl.AsyncInterfaces: Failed to load assembly.
TpTrace Verbose: 0 : 17572, 1, 2026/01/17, 19:58:07.209, 6348656023814, vstest.console.dll, CurrentDomainAssemblyResolve: Resolving assembly 'Microsoft.Bcl.AsyncInterfaces'.
TpTrace Information: 0 : 17572, 1, 2026/01/17, 19:58:07.209, 6348656024467, vstest.console.dll, AssemblyResolver.OnResolve: Microsoft.Bcl.AsyncInterfaces: Resolving assembly.
TpTrace Information: 0 : 17572, 1, 2026/01/17, 19:58:07.209, 6348656024906, vstest.console.dll, AssemblyResolver.OnResolve: Microsoft.Bcl.AsyncInterfaces: Resolved from cache.
TpTrace Verbose: 0 : 17572, 1, 2026/01/17, 19:58:07.209, 6348656025227, vstest.console.dll, CurrentDomainAssemblyResolve: Resolving assembly 'Microsoft.Bcl.AsyncInterfaces'.
TpTrace Verbose: 0 : 17572, 1, 2026/01/17, 19:58:07.209, 6348656025664, vstest.console.dll, CurrentDomainAssemblyResolve: Failed to resolve assembly 'Microsoft.Bcl.AsyncInterfaces'.
TpTrace Verbose: 0 : 17572, 1, 2026/01/17, 19:58:07.218, 6348656116812, vstest.console.dll, CurrentDomainAssemblyResolve: Failed to resolve assembly 'Microsoft.Bcl.AsyncInterfaces'.
TpTrace Warning: 0 : 17572, 1, 2026/01/17, 19:58:07.251, 6348656447697, vstest.console.dll, TestPluginDiscoverer: Failed to get types from assembly 'Microsoft.Diagnostics.NETCore.Client, Version=0.2.10.41601, Culture=neutral, PublicKeyToken=31bf3856ad364e35'. Error: System.Reflection.ReflectionTypeLoadException: Unable to load one or more of the requested types.
Could not load file or assembly 'Microsoft.Bcl.AsyncInterfaces, Version=6.0.0.0, Culture=neutral, PublicKeyToken=cc7b13ffcd2ddd51'. The system cannot find the file specified.
   at System.Reflection.RuntimeModule.GetDefinedTypes()
   at System.Reflection.RuntimeModule.GetTypes()
   at Microsoft.VisualStudio.TestPlatform.Common.ExtensionFramework.TestPluginDiscoverer.GetTestExtensionsFromAssembly[TPluginInfo,TExtension](Assembly assembly, Dictionary`2 pluginInfos, String filePath) in /_/src/Microsoft.TestPlatform.Common/ExtensionFramework/TestPluginDiscoverer.cs:line 159
System.IO.FileNotFoundException: Could not load file or assembly 'Microsoft.Bcl.AsyncInterfaces, Version=6.0.0.0, Culture=neutral, PublicKeyToken=cc7b13ffcd2ddd51'. The system cannot find the file specified.
File name: 'Microsoft.Bcl.AsyncInterfaces, Version=6.0.0.0, Culture=neutral, PublicKeyToken=cc7b13ffcd2ddd51'
 ---> System.IO.FileNotFoundException: Could not load file or assembly 'Microsoft.Bcl.AsyncInterfaces, Culture=neutral, PublicKeyToken=null'. The system cannot find the file specified.
File name: 'Microsoft.Bcl.AsyncInterfaces, Culture=neutral, PublicKeyToken=null'
   at System.Reflection.RuntimeAssembly.InternalLoad(AssemblyName assemblyName, StackCrawlMark& stackMark, AssemblyLoadContext assemblyLoadContext, RuntimeAssembly requestingAssembly, Boolean throwOnFileNotFound)
   at System.Reflection.Assembly.Load(AssemblyName assemblyRef)
   at Microsoft.VisualStudio.TestPlatform.Common.ExtensionFramework.TestPluginCache.CurrentDomainAssemblyResolve(Object sender, AssemblyResolveEventArgs args) in /_/src/Microsoft.TestPlatform.Common/ExtensionFramework/TestPluginCache.cs:line 514
   at System.Runtime.Loader.AssemblyLoadContext.GetFirstResolvedAssemblyFromResolvingEvent(AssemblyName assemblyName)
   at System.Runtime.Loader.AssemblyLoadContext.ResolveUsingEvent(AssemblyName assemblyName)
   at System.Runtime.Loader.AssemblyLoadContext.ResolveUsingResolvingEvent(IntPtr gchManagedAssemblyLoadContext, AssemblyName assemblyName)
TpTrace Warning: 0 : 17572, 1, 2026/01/17, 19:58:07.252, 6348656452208, vstest.console.dll, LoaderExceptions: System.IO.FileNotFoundException: Could not load file or assembly 'Microsoft.Bcl.AsyncInterfaces, Version=6.0.0.0, Culture=neutral, PublicKeyToken=cc7b13ffcd2ddd51'. The system cannot find the file specified.
File name: 'Microsoft.Bcl.AsyncInterfaces, Version=6.0.0.0, Culture=neutral, PublicKeyToken=cc7b13ffcd2ddd51'
 ---> System.IO.FileNotFoundException: Could not load file or assembly 'Microsoft.Bcl.AsyncInterfaces, Culture=neutral, PublicKeyToken=null'. The system cannot find the file specified.
File name: 'Microsoft.Bcl.AsyncInterfaces, Culture=neutral, PublicKeyToken=null'
   at System.Reflection.RuntimeAssembly.InternalLoad(AssemblyName assemblyName, StackCrawlMark& stackMark, AssemblyLoadContext assemblyLoadContext, RuntimeAssembly requestingAssembly, Boolean throwOnFileNotFound)
   at System.Reflection.Assembly.Load(AssemblyName assemblyRef)
   at Microsoft.VisualStudio.TestPlatform.Common.ExtensionFramework.TestPluginCache.CurrentDomainAssemblyResolve(Object sender, AssemblyResolveEventArgs args) in /_/src/Microsoft.TestPlatform.Common/ExtensionFramework/TestPluginCache.cs:line 514
   at System.Runtime.Loader.AssemblyLoadContext.GetFirstResolvedAssemblyFromResolvingEvent(AssemblyName assemblyName)
   at System.Runtime.Loader.AssemblyLoadContext.ResolveUsingEvent(AssemblyName assemblyName)
   at System.Runtime.Loader.AssemblyLoadContext.ResolveUsingResolvingEvent(IntPtr gchManagedAssemblyLoadContext, AssemblyName assemblyName)
TpTrace Information: 0 : 17572, 1, 2026/01/17, 19:58:07.252, 6348656454100, vstest.console.dll, AssemblyResolver.OnResolve: Microsoft.TestPlatform.Extensions.BlameDataCollector: Resolving assembly.
TpTrace Information: 0 : 17572, 1, 2026/01/17, 19:58:07.252, 6348656454868, vstest.console.dll, AssemblyResolver.OnResolve: Microsoft.TestPlatform.Extensions.BlameDataCollector: Searching in: 'C:\Program Files\dotnet\sdk\9.0.100\Extensions'.
TpTrace Information: 0 : 17572, 1, 2026/01/17, 19:58:07.253, 6348656461972, vstest.console.dll, AssemblyResolver.OnResolve: Microsoft.TestPlatform.Extensions.BlameDataCollector: Loading assembly 'C:\Program Files\dotnet\sdk\9.0.100\Extensions\Microsoft.TestPlatform.Extensions.BlameDataCollector.dll'.
TpTrace Information: 0 : 17572, 1, 2026/01/17, 19:58:07.253, 6348656468393, vstest.console.dll, AssemblyResolver.OnResolve: Resolved assembly: Microsoft.TestPlatform.Extensions.BlameDataCollector, from path: C:\Program Files\dotnet\sdk\9.0.100\Extensions\Microsoft.TestPlatform.Extensions.BlameDataCollector.dll
TpTrace Verbose: 0 : 17572, 1, 2026/01/17, 19:58:07.254, 6348656469516, vstest.console.dll, MetadataReaderExtensionsHelper: Discovering extensions inside assembly 'Microsoft.TestPlatform.Extensions.BlameDataCollector, Version=15.0.0.0, Culture=neutral, PublicKeyToken=b03f5f7f11d50a3a' file path 'C:\Program Files\dotnet\sdk\9.0.100\Extensions\Microsoft.TestPlatform.Extensions.BlameDataCollector.dll'
TpTrace Information: 0 : 17572, 1, 2026/01/17, 19:58:07.255, 6348656487519, vstest.console.dll, AssemblyResolver.OnResolve: Microsoft.TestPlatform.Extensions.EventLogCollector: Resolving assembly.
TpTrace Information: 0 : 17572, 1, 2026/01/17, 19:58:07.255, 6348656488545, vstest.console.dll, AssemblyResolver.OnResolve: Microsoft.TestPlatform.Extensions.EventLogCollector: Searching in: 'C:\Program Files\dotnet\sdk\9.0.100\Extensions'.
TpTrace Information: 0 : 17572, 1, 2026/01/17, 19:58:07.256, 6348656495883, vstest.console.dll, AssemblyResolver.OnResolve: Microsoft.TestPlatform.Extensions.EventLogCollector: Loading assembly 'C:\Program Files\dotnet\sdk\9.0.100\Extensions\Microsoft.TestPlatform.Extensions.EventLogCollector.dll'.
TpTrace Information: 0 : 17572, 1, 2026/01/17, 19:58:07.257, 6348656501614, vstest.console.dll, AssemblyResolver.OnResolve: Resolved assembly: Microsoft.TestPlatform.Extensions.EventLogCollector, from path: C:\Program Files\dotnet\sdk\9.0.100\Extensions\Microsoft.TestPlatform.Extensions.EventLogCollector.dll
TpTrace Verbose: 0 : 17572, 1, 2026/01/17, 19:58:07.257, 6348656502535, vstest.console.dll, MetadataReaderExtensionsHelper: Discovering extensions inside assembly 'Microsoft.TestPlatform.Extensions.EventLogCollector, Version=15.0.0.0, Culture=neutral, PublicKeyToken=b03f5f7f11d50a3a' file path 'C:\Program Files\dotnet\sdk\9.0.100\Extensions\Microsoft.TestPlatform.Extensions.EventLogCollector.dll'
TpTrace Information: 0 : 17572, 1, 2026/01/17, 19:58:07.261, 6348656542293, vstest.console.dll, AssemblyResolver.OnResolve: Microsoft.TestPlatform.TestHostRuntimeProvider: Resolving assembly.
TpTrace Information: 0 : 17572, 1, 2026/01/17, 19:58:07.261, 6348656543561, vstest.console.dll, AssemblyResolver.OnResolve: Microsoft.TestPlatform.TestHostRuntimeProvider: Searching in: 'C:\Program Files\dotnet\sdk\9.0.100\Extensions'.
TpTrace Information: 0 : 17572, 1, 2026/01/17, 19:58:07.262, 6348656554925, vstest.console.dll, AssemblyResolver.OnResolve: Microsoft.TestPlatform.TestHostRuntimeProvider: Loading assembly 'C:\Program Files\dotnet\sdk\9.0.100\Extensions\Microsoft.TestPlatform.TestHostRuntimeProvider.dll'.
TpTrace Information: 0 : 17572, 1, 2026/01/17, 19:58:07.264, 6348656571245, vstest.console.dll, AssemblyResolver.OnResolve: Resolved assembly: Microsoft.TestPlatform.TestHostRuntimeProvider, from path: C:\Program Files\dotnet\sdk\9.0.100\Extensions\Microsoft.TestPlatform.TestHostRuntimeProvider.dll
TpTrace Verbose: 0 : 17572, 1, 2026/01/17, 19:58:07.264, 6348656572351, vstest.console.dll, MetadataReaderExtensionsHelper: Discovering extensions inside assembly 'Microsoft.TestPlatform.TestHostRuntimeProvider, Version=15.0.0.0, Culture=neutral, PublicKeyToken=b03f5f7f11d50a3a' file path 'C:\Program Files\dotnet\sdk\9.0.100\Extensions\Microsoft.TestPlatform.TestHostRuntimeProvider.dll'
TpTrace Information: 0 : 17572, 1, 2026/01/17, 19:58:07.266, 6348656598517, vstest.console.dll, GetTestExtensionFromType: Register extension with identifier data 'HostProvider://DefaultTestHost' and type 'Microsoft.VisualStudio.TestPlatform.CrossPlatEngine.Hosting.DefaultTestHostManager, Microsoft.TestPlatform.TestHostRuntimeProvider, Version=15.0.0.0, Culture=neutral, PublicKeyToken=b03f5f7f11d50a3a' inside file 'C:\Program Files\dotnet\sdk\9.0.100\Extensions\Microsoft.TestPlatform.TestHostRuntimeProvider.dll'
TpTrace Information: 0 : 17572, 1, 2026/01/17, 19:58:07.267, 6348656602187, vstest.console.dll, GetTestExtensionFromType: Register extension with identifier data 'HostProvider://DotnetTestHost' and type 'Microsoft.VisualStudio.TestPlatform.CrossPlatEngine.Hosting.DotnetTestHostManager, Microsoft.TestPlatform.TestHostRuntimeProvider, Version=15.0.0.0, Culture=neutral, PublicKeyToken=b03f5f7f11d50a3a' inside file 'C:\Program Files\dotnet\sdk\9.0.100\Extensions\Microsoft.TestPlatform.TestHostRuntimeProvider.dll'
TpTrace Information: 0 : 17572, 1, 2026/01/17, 19:58:07.267, 6348656603401, vstest.console.dll, AssemblyResolver.OnResolve: Microsoft.VisualStudio.TestPlatform.Extensions.Html.TestLogger: Resolving assembly.
TpTrace Information: 0 : 17572, 1, 2026/01/17, 19:58:07.267, 6348656604032, vstest.console.dll, AssemblyResolver.OnResolve: Microsoft.VisualStudio.TestPlatform.Extensions.Html.TestLogger: Searching in: 'C:\Program Files\dotnet\sdk\9.0.100\Extensions'.
TpTrace Information: 0 : 17572, 1, 2026/01/17, 19:58:07.268, 6348656615196, vstest.console.dll, AssemblyResolver.OnResolve: Microsoft.VisualStudio.TestPlatform.Extensions.Html.TestLogger: Loading assembly 'C:\Program Files\dotnet\sdk\9.0.100\Extensions\Microsoft.VisualStudio.TestPlatform.Extensions.Html.TestLogger.dll'.
TpTrace Information: 0 : 17572, 1, 2026/01/17, 19:58:07.270, 6348656630062, vstest.console.dll, AssemblyResolver.OnResolve: Resolved assembly: Microsoft.VisualStudio.TestPlatform.Extensions.Html.TestLogger, from path: C:\Program Files\dotnet\sdk\9.0.100\Extensions\Microsoft.VisualStudio.TestPlatform.Extensions.Html.TestLogger.dll
TpTrace Verbose: 0 : 17572, 1, 2026/01/17, 19:58:07.270, 6348656631235, vstest.console.dll, MetadataReaderExtensionsHelper: Discovering extensions inside assembly 'Microsoft.VisualStudio.TestPlatform.Extensions.Html.TestLogger, Version=15.0.0.0, Culture=neutral, PublicKeyToken=b03f5f7f11d50a3a' file path 'C:\Program Files\dotnet\sdk\9.0.100\Extensions\Microsoft.VisualStudio.TestPlatform.Extensions.Html.TestLogger.dll'
TpTrace Information: 0 : 17572, 1, 2026/01/17, 19:58:07.271, 6348656645957, vstest.console.dll, AssemblyResolver.OnResolve: Microsoft.VisualStudio.TestPlatform.Extensions.Trx.TestLogger: Resolving assembly.
TpTrace Information: 0 : 17572, 1, 2026/01/17, 19:58:07.271, 6348656647081, vstest.console.dll, AssemblyResolver.OnResolve: Microsoft.VisualStudio.TestPlatform.Extensions.Trx.TestLogger: Searching in: 'C:\Program Files\dotnet\sdk\9.0.100\Extensions'.
TpTrace Information: 0 : 17572, 1, 2026/01/17, 19:58:07.273, 6348656663410, vstest.console.dll, AssemblyResolver.OnResolve: Microsoft.VisualStudio.TestPlatform.Extensions.Trx.TestLogger: Loading assembly 'C:\Program Files\dotnet\sdk\9.0.100\Extensions\Microsoft.VisualStudio.TestPlatform.Extensions.Trx.TestLogger.dll'.
TpTrace Information: 0 : 17572, 1, 2026/01/17, 19:58:07.275, 6348656682272, vstest.console.dll, AssemblyResolver.OnResolve: Resolved assembly: Microsoft.VisualStudio.TestPlatform.Extensions.Trx.TestLogger, from path: C:\Program Files\dotnet\sdk\9.0.100\Extensions\Microsoft.VisualStudio.TestPlatform.Extensions.Trx.TestLogger.dll
TpTrace Verbose: 0 : 17572, 1, 2026/01/17, 19:58:07.275, 6348656685100, vstest.console.dll, MetadataReaderExtensionsHelper: Discovering extensions inside assembly 'Microsoft.VisualStudio.TestPlatform.Extensions.Trx.TestLogger, Version=15.0.0.0, Culture=neutral, PublicKeyToken=b03f5f7f11d50a3a' file path 'C:\Program Files\dotnet\sdk\9.0.100\Extensions\Microsoft.VisualStudio.TestPlatform.Extensions.Trx.TestLogger.dll'
TpTrace Verbose: 0 : 17572, 1, 2026/01/17, 19:58:07.280, 6348656731380, vstest.console.dll, TestPluginCache: Discovered the extensions using extension path ''.
TpTrace Verbose: 0 : 17572, 1, 2026/01/17, 19:58:07.280, 6348656732850, vstest.console.dll, TestPluginCache: Discoverers are ''.
TpTrace Verbose: 0 : 17572, 1, 2026/01/17, 19:58:07.280, 6348656733371, vstest.console.dll, TestPluginCache: Executors are ''.
TpTrace Verbose: 0 : 17572, 1, 2026/01/17, 19:58:07.280, 6348656733995, vstest.console.dll, TestPluginCache: Executors2 are ''.
TpTrace Verbose: 0 : 17572, 1, 2026/01/17, 19:58:07.280, 6348656734570, vstest.console.dll, TestPluginCache: Setting providers are ''.
TpTrace Verbose: 0 : 17572, 1, 2026/01/17, 19:58:07.280, 6348656735418, vstest.console.dll, TestPluginCache: Loggers are ''.
TpTrace Verbose: 0 : 17572, 1, 2026/01/17, 19:58:07.281, 6348656738812, vstest.console.dll, TestPluginCache: TestHosts are 'HostProvider://DefaultTestHost,HostProvider://DotnetTestHost'.
TpTrace Verbose: 0 : 17572, 1, 2026/01/17, 19:58:07.281, 6348656739440, vstest.console.dll, TestPluginCache: DataCollectors are ''.
TpTrace Information: 0 : 17572, 1, 2026/01/17, 19:58:07.303, 6348656965750, vstest.console.dll, RunTestsArgumentProcessor:Execute: Test run is starting.
TpTrace Verbose: 0 : 17572, 1, 2026/01/17, 19:58:07.303, 6348656966826, vstest.console.dll, RunTestsArgumentProcessor:Execute: Queuing Test run.
TpTrace Information: 0 : 17572, 1, 2026/01/17, 19:58:07.304, 6348656974385, vstest.console.dll, TestRequestManager.RunTests: run tests started.
TpTrace Information: 0 : 17572, 1, 2026/01/17, 19:58:07.306, 6348656989987, vstest.console.dll, AssemblyMetadataProvider.GetFrameworkName: Determined framework:'.NETCoreApp,Version=v8.0' for source: 'C:\Users\TOSHIBA\source\repos\1.QA Wiki\3.PracticeLocators\bin\Debug\net8.0\fine-code-coverage\build-output\3.PracticeLocators.dll'
TpTrace Information: 0 : 17572, 1, 2026/01/17, 19:58:07.306, 6348656992964, vstest.console.dll, Determined framework for all sources: .NETCoreApp,Version=v8.0
TpTrace Verbose: 0 : 17572, 1, 2026/01/17, 19:58:07.306, 6348656997115, vstest.console.dll, TestRequestManager.UpdateRunSettingsIfRequired: Default architecture: X64 IsDefaultTargetArchitecture: True, Current process architecture: X64 OperatingSystem: Windows.
TpTrace Information: 0 : 17572, 1, 2026/01/17, 19:58:07.309, 6348657023848, vstest.console.dll, AssemblyMetadataProvider.GetArchitecture: Determined architecture:AnyCPU info for assembly: C:\Users\TOSHIBA\source\repos\1.QA Wiki\3.PracticeLocators\bin\Debug\net8.0\fine-code-coverage\build-output\3.PracticeLocators.dll
TpTrace Information: 0 : 17572, 1, 2026/01/17, 19:58:07.309, 6348657024715, vstest.console.dll, Determined platform for source 'C:\Users\TOSHIBA\source\repos\1.QA Wiki\3.PracticeLocators\bin\Debug\net8.0\fine-code-coverage\build-output\3.PracticeLocators.dll' was AnyCPU and it will use the default plaform X64.
TpTrace Information: 0 : 17572, 1, 2026/01/17, 19:58:07.309, 6348657025092, vstest.console.dll, None of the sources provided any runnable platform, using the default platform: X64
TpTrace Information: 0 : 17572, 1, 2026/01/17, 19:58:07.309, 6348657026195, vstest.console.dll, Platform was updated to 'X64'.
TpTrace Information: 0 : 17572, 1, 2026/01/17, 19:58:07.316, 6348657095679, vstest.console.dll, InferRunSettingsHelper.IsTestSettingsEnabled: Unable to navigate to RunSettings/MSTest. Current node: RunSettings
TpTrace Information: 0 : 17572, 1, 2026/01/17, 19:58:07.317, 6348657106740, vstest.console.dll, AssemblyResolver.OnResolve: Microsoft.VisualStudio.TestPlatform.Fakes: Resolving assembly.
TpTrace Information: 0 : 17572, 1, 2026/01/17, 19:58:07.317, 6348657107703, vstest.console.dll, AssemblyResolver.OnResolve: Microsoft.VisualStudio.TestPlatform.Fakes: Searching in: 'C:\Program Files\dotnet\sdk\9.0.100\Extensions'.
TpTrace Information: 0 : 17572, 1, 2026/01/17, 19:58:07.318, 6348657108904, vstest.console.dll, AssemblyResolver.OnResolve: Microsoft.VisualStudio.TestPlatform.Fakes: Assembly path does not exist: 'C:\Program Files\dotnet\sdk\9.0.100\Extensions\Microsoft.VisualStudio.TestPlatform.Fakes.dll', returning.
TpTrace Information: 0 : 17572, 1, 2026/01/17, 19:58:07.318, 6348657109967, vstest.console.dll, AssemblyResolver.OnResolve: Microsoft.VisualStudio.TestPlatform.Fakes: Assembly path does not exist: 'C:\Program Files\dotnet\sdk\9.0.100\Extensions\Microsoft.VisualStudio.TestPlatform.Fakes.exe', returning.
TpTrace Information: 0 : 17572, 1, 2026/01/17, 19:58:07.318, 6348657110382, vstest.console.dll, AssemblyResolver.OnResolve: Microsoft.VisualStudio.TestPlatform.Fakes: Searching in: 'C:\Program Files\dotnet\sdk\9.0.100'.
TpTrace Information: 0 : 17572, 1, 2026/01/17, 19:58:07.318, 6348657111150, vstest.console.dll, AssemblyResolver.OnResolve: Microsoft.VisualStudio.TestPlatform.Fakes: Assembly path does not exist: 'C:\Program Files\dotnet\sdk\9.0.100\Microsoft.VisualStudio.TestPlatform.Fakes.dll', returning.
TpTrace Information: 0 : 17572, 1, 2026/01/17, 19:58:07.318, 6348657111920, vstest.console.dll, AssemblyResolver.OnResolve: Microsoft.VisualStudio.TestPlatform.Fakes: Assembly path does not exist: 'C:\Program Files\dotnet\sdk\9.0.100\Microsoft.VisualStudio.TestPlatform.Fakes.exe', returning.
TpTrace Information: 0 : 17572, 1, 2026/01/17, 19:58:07.318, 6348657112380, vstest.console.dll, AssemblyResolver.OnResolve: Microsoft.VisualStudio.TestPlatform.Fakes: Failed to load assembly.
TpTrace Information: 0 : 17572, 1, 2026/01/17, 19:58:07.318, 6348657115247, vstest.console.dll, Failed to load assembly Microsoft.VisualStudio.TestPlatform.Fakes, Version=17.0.0.0, Culture=neutral. Reason:System.IO.FileNotFoundException: Could not load file or assembly 'Microsoft.VisualStudio.TestPlatform.Fakes, Version=17.0.0.0, Culture=neutral, PublicKeyToken=null'. The system cannot find the file specified.
File name: 'Microsoft.VisualStudio.TestPlatform.Fakes, Version=17.0.0.0, Culture=neutral, PublicKeyToken=null'
   at System.Reflection.RuntimeAssembly.InternalLoad(AssemblyName assemblyName, StackCrawlMark& stackMark, AssemblyLoadContext assemblyLoadContext, RuntimeAssembly requestingAssembly, Boolean throwOnFileNotFound)
   at System.Reflection.Assembly.Load(AssemblyName assemblyRef)
   at Microsoft.VisualStudio.TestPlatform.Common.Utilities.FakesUtilities.LoadTestPlatformAssembly() in /_/src/Microsoft.TestPlatform.Common/Utilities/FakesUtilities.cs:line 273
TpTrace Verbose: 0 : 17572, 1, 2026/01/17, 19:58:07.323, 6348657164070, vstest.console.dll, TestPluginCache.DiscoverTestExtensions: finding test extensions in assemblies ends with: TestLogger.dll TPluginInfo: Microsoft.VisualStudio.TestPlatform.Common.ExtensionFramework.Utilities.TestLoggerPluginInformation TExtension: Microsoft.VisualStudio.TestPlatform.ObjectModel.Client.ITestLogger
TpTrace Verbose: 0 : 17572, 1, 2026/01/17, 19:58:07.323, 6348657165664, vstest.console.dll, TestPluginCache.GetExtensionPaths: Filtered extension paths: 
TpTrace Verbose: 0 : 17572, 1, 2026/01/17, 19:58:07.323, 6348657166349, vstest.console.dll, TestPluginCache.GetExtensionPaths: Added default extension paths: C:\Program Files\dotnet\sdk\9.0.100\Extensions\Microsoft.Diagnostics.NETCore.Client.dll
C:\Program Files\dotnet\sdk\9.0.100\Extensions\Microsoft.TestPlatform.Extensions.BlameDataCollector.dll
C:\Program Files\dotnet\sdk\9.0.100\Extensions\Microsoft.TestPlatform.Extensions.EventLogCollector.dll
C:\Program Files\dotnet\sdk\9.0.100\Extensions\Microsoft.TestPlatform.TestHostRuntimeProvider.dll
C:\Program Files\dotnet\sdk\9.0.100\Extensions\Microsoft.VisualStudio.TestPlatform.Extensions.Html.TestLogger.dll
C:\Program Files\dotnet\sdk\9.0.100\Extensions\Microsoft.VisualStudio.TestPlatform.Extensions.Trx.TestLogger.dll
TpTrace Verbose: 0 : 17572, 1, 2026/01/17, 19:58:07.323, 6348657166797, vstest.console.dll, TestPluginCache.GetExtensionPaths: Added unfilterableExtensionPaths: 
TpTrace Information: 0 : 17572, 1, 2026/01/17, 19:58:07.324, 6348657168713, vstest.console.dll, AssemblyResolver.AddSearchDirectories: Adding more searchDirectories C:\Program Files\dotnet\sdk\9.0.100\Extensions,C:\Program Files\dotnet\sdk\9.0.100
TpTrace Verbose: 0 : 17572, 1, 2026/01/17, 19:58:07.324, 6348657169356, vstest.console.dll, TestPluginCache.DiscoverTestExtensions: Discovering the extensions using extension path.
TpTrace Verbose: 0 : 17572, 1, 2026/01/17, 19:58:07.324, 6348657170059, vstest.console.dll, TestPluginCache.GetExtensionPaths: Filtered extension paths: 
TpTrace Verbose: 0 : 17572, 1, 2026/01/17, 19:58:07.324, 6348657170572, vstest.console.dll, TestPluginCache.GetExtensionPaths: Added default extension paths: C:\Program Files\dotnet\sdk\9.0.100\Extensions\Microsoft.Diagnostics.NETCore.Client.dll
C:\Program Files\dotnet\sdk\9.0.100\Extensions\Microsoft.TestPlatform.Extensions.BlameDataCollector.dll
C:\Program Files\dotnet\sdk\9.0.100\Extensions\Microsoft.TestPlatform.Extensions.EventLogCollector.dll
C:\Program Files\dotnet\sdk\9.0.100\Extensions\Microsoft.TestPlatform.TestHostRuntimeProvider.dll
C:\Program Files\dotnet\sdk\9.0.100\Extensions\Microsoft.VisualStudio.TestPlatform.Extensions.Html.TestLogger.dll
C:\Program Files\dotnet\sdk\9.0.100\Extensions\Microsoft.VisualStudio.TestPlatform.Extensions.Trx.TestLogger.dll
TpTrace Verbose: 0 : 17572, 1, 2026/01/17, 19:58:07.324, 6348657171042, vstest.console.dll, TestPluginCache.GetExtensionPaths: Added unfilterableExtensionPaths: 
TpTrace Verbose: 0 : 17572, 1, 2026/01/17, 19:58:07.324, 6348657171505, vstest.console.dll, TestPluginCache.DiscoverTestExtensions: Discovering the extensions using allExtensionPaths: C:\Program Files\dotnet\sdk\9.0.100\Extensions\Microsoft.Diagnostics.NETCore.Client.dll
C:\Program Files\dotnet\sdk\9.0.100\Extensions\Microsoft.TestPlatform.Extensions.BlameDataCollector.dll
C:\Program Files\dotnet\sdk\9.0.100\Extensions\Microsoft.TestPlatform.Extensions.EventLogCollector.dll
C:\Program Files\dotnet\sdk\9.0.100\Extensions\Microsoft.TestPlatform.TestHostRuntimeProvider.dll
C:\Program Files\dotnet\sdk\9.0.100\Extensions\Microsoft.VisualStudio.TestPlatform.Extensions.Html.TestLogger.dll
C:\Program Files\dotnet\sdk\9.0.100\Extensions\Microsoft.VisualStudio.TestPlatform.Extensions.Trx.TestLogger.dll
TpTrace Information: 0 : 17572, 1, 2026/01/17, 19:58:07.324, 6348657172603, vstest.console.dll, AssemblyResolver.AddSearchDirectories: Adding more searchDirectories C:\Program Files\dotnet\sdk\9.0.100\Extensions,C:\Program Files\dotnet\sdk\9.0.100
TpTrace Information: 0 : 17572, 1, 2026/01/17, 19:58:07.324, 6348657173113, vstest.console.dll, AssemblyResolver.AddSearchDirectories: Adding more searchDirectories C:\Program Files\dotnet\sdk\9.0.100\Extensions,C:\Program Files\dotnet\sdk\9.0.100
TpTrace Information: 0 : 17572, 1, 2026/01/17, 19:58:07.324, 6348657173493, vstest.console.dll, AssemblyResolver.AddSearchDirectories: Adding more searchDirectories C:\Program Files\dotnet\sdk\9.0.100\Extensions,C:\Program Files\dotnet\sdk\9.0.100
TpTrace Information: 0 : 17572, 1, 2026/01/17, 19:58:07.327, 6348657208254, vstest.console.dll, AssemblyResolver.AddSearchDirectories: Adding more searchDirectories C:\Program Files\dotnet\sdk\9.0.100\Extensions,C:\Program Files\dotnet\sdk\9.0.100
TpTrace Information: 0 : 17572, 1, 2026/01/17, 19:58:07.328, 6348657209762, vstest.console.dll, AssemblyResolver.AddSearchDirectories: Adding more searchDirectories C:\Program Files\dotnet\sdk\9.0.100\Extensions,C:\Program Files\dotnet\sdk\9.0.100
TpTrace Information: 0 : 17572, 1, 2026/01/17, 19:58:07.328, 6348657210353, vstest.console.dll, AssemblyResolver.AddSearchDirectories: Adding more searchDirectories C:\Program Files\dotnet\sdk\9.0.100\Extensions,C:\Program Files\dotnet\sdk\9.0.100
TpTrace Verbose: 0 : 17572, 1, 2026/01/17, 19:58:07.328, 6348657212077, vstest.console.dll, MetadataReaderExtensionsHelper: Discovering extensions inside assembly 'Microsoft.Diagnostics.NETCore.Client, Version=0.2.10.41601, Culture=neutral, PublicKeyToken=31bf3856ad364e35' file path 'C:\Program Files\dotnet\sdk\9.0.100\Extensions\Microsoft.Diagnostics.NETCore.Client.dll'
TpTrace Information: 0 : 17572, 1, 2026/01/17, 19:58:07.329, 6348657223347, vstest.console.dll, AssemblyResolver.OnResolve: Microsoft.Bcl.AsyncInterfaces: Resolving assembly.
TpTrace Information: 0 : 17572, 1, 2026/01/17, 19:58:07.329, 6348657224256, vstest.console.dll, AssemblyResolver.OnResolve: Microsoft.Bcl.AsyncInterfaces: Resolved from cache.
TpTrace Verbose: 0 : 17572, 1, 2026/01/17, 19:58:07.329, 6348657224712, vstest.console.dll, CurrentDomainAssemblyResolve: Resolving assembly 'Microsoft.Bcl.AsyncInterfaces'.
TpTrace Information: 0 : 17572, 1, 2026/01/17, 19:58:07.329, 6348657225337, vstest.console.dll, AssemblyResolver.OnResolve: Microsoft.Bcl.AsyncInterfaces: Resolving assembly.
TpTrace Information: 0 : 17572, 1, 2026/01/17, 19:58:07.329, 6348657225755, vstest.console.dll, AssemblyResolver.OnResolve: Microsoft.Bcl.AsyncInterfaces: Resolved from cache.
TpTrace Verbose: 0 : 17572, 1, 2026/01/17, 19:58:07.329, 6348657226119, vstest.console.dll, CurrentDomainAssemblyResolve: Resolving assembly 'Microsoft.Bcl.AsyncInterfaces'.
TpTrace Verbose: 0 : 17572, 1, 2026/01/17, 19:58:07.329, 6348657226452, vstest.console.dll, CurrentDomainAssemblyResolve: Failed to resolve assembly 'Microsoft.Bcl.AsyncInterfaces'.
TpTrace Verbose: 0 : 17572, 1, 2026/01/17, 19:58:07.329, 6348657228363, vstest.console.dll, CurrentDomainAssemblyResolve: Failed to resolve assembly 'Microsoft.Bcl.AsyncInterfaces'.
TpTrace Warning: 0 : 17572, 1, 2026/01/17, 19:58:07.330, 6348657235165, vstest.console.dll, TestPluginDiscoverer: Failed to get types from assembly 'Microsoft.Diagnostics.NETCore.Client, Version=0.2.10.41601, Culture=neutral, PublicKeyToken=31bf3856ad364e35'. Error: System.Reflection.ReflectionTypeLoadException: Unable to load one or more of the requested types.
Could not load file or assembly 'Microsoft.Bcl.AsyncInterfaces, Version=6.0.0.0, Culture=neutral, PublicKeyToken=cc7b13ffcd2ddd51'. The system cannot find the file specified.
   at System.Reflection.RuntimeModule.GetDefinedTypes()
   at System.Reflection.RuntimeModule.GetTypes()
   at Microsoft.VisualStudio.TestPlatform.Common.ExtensionFramework.TestPluginDiscoverer.GetTestExtensionsFromAssembly[TPluginInfo,TExtension](Assembly assembly, Dictionary`2 pluginInfos, String filePath) in /_/src/Microsoft.TestPlatform.Common/ExtensionFramework/TestPluginDiscoverer.cs:line 159
System.IO.FileNotFoundException: Could not load file or assembly 'Microsoft.Bcl.AsyncInterfaces, Version=6.0.0.0, Culture=neutral, PublicKeyToken=cc7b13ffcd2ddd51'. The system cannot find the file specified.
File name: 'Microsoft.Bcl.AsyncInterfaces, Version=6.0.0.0, Culture=neutral, PublicKeyToken=cc7b13ffcd2ddd51'
 ---> System.IO.FileNotFoundException: Could not load file or assembly 'Microsoft.Bcl.AsyncInterfaces, Culture=neutral, PublicKeyToken=null'. The system cannot find the file specified.
File name: 'Microsoft.Bcl.AsyncInterfaces, Culture=neutral, PublicKeyToken=null'
   at System.Reflection.RuntimeAssembly.InternalLoad(AssemblyName assemblyName, StackCrawlMark& stackMark, AssemblyLoadContext assemblyLoadContext, RuntimeAssembly requestingAssembly, Boolean throwOnFileNotFound)
   at System.Reflection.Assembly.Load(AssemblyName assemblyRef)
   at Microsoft.VisualStudio.TestPlatform.Common.ExtensionFramework.TestPluginCache.CurrentDomainAssemblyResolve(Object sender, AssemblyResolveEventArgs args) in /_/src/Microsoft.TestPlatform.Common/ExtensionFramework/TestPluginCache.cs:line 514
   at System.Runtime.Loader.AssemblyLoadContext.GetFirstResolvedAssemblyFromResolvingEvent(AssemblyName assemblyName)
   at System.Runtime.Loader.AssemblyLoadContext.ResolveUsingEvent(AssemblyName assemblyName)
   at System.Runtime.Loader.AssemblyLoadContext.ResolveUsingResolvingEvent(IntPtr gchManagedAssemblyLoadContext, AssemblyName assemblyName)
TpTrace Warning: 0 : 17572, 1, 2026/01/17, 19:58:07.330, 6348657238538, vstest.console.dll, LoaderExceptions: System.IO.FileNotFoundException: Could not load file or assembly 'Microsoft.Bcl.AsyncInterfaces, Version=6.0.0.0, Culture=neutral, PublicKeyToken=cc7b13ffcd2ddd51'. The system cannot find the file specified.
File name: 'Microsoft.Bcl.AsyncInterfaces, Version=6.0.0.0, Culture=neutral, PublicKeyToken=cc7b13ffcd2ddd51'
 ---> System.IO.FileNotFoundException: Could not load file or assembly 'Microsoft.Bcl.AsyncInterfaces, Culture=neutral, PublicKeyToken=null'. The system cannot find the file specified.
File name: 'Microsoft.Bcl.AsyncInterfaces, Culture=neutral, PublicKeyToken=null'
   at System.Reflection.RuntimeAssembly.InternalLoad(AssemblyName assemblyName, StackCrawlMark& stackMark, AssemblyLoadContext assemblyLoadContext, RuntimeAssembly requestingAssembly, Boolean throwOnFileNotFound)
   at System.Reflection.Assembly.Load(AssemblyName assemblyRef)
   at Microsoft.VisualStudio.TestPlatform.Common.ExtensionFramework.TestPluginCache.CurrentDomainAssemblyResolve(Object sender, AssemblyResolveEventArgs args) in /_/src/Microsoft.TestPlatform.Common/ExtensionFramework/TestPluginCache.cs:line 514
   at System.Runtime.Loader.AssemblyLoadContext.GetFirstResolvedAssemblyFromResolvingEvent(AssemblyName assemblyName)
   at System.Runtime.Loader.AssemblyLoadContext.ResolveUsingEvent(AssemblyName assemblyName)
   at System.Runtime.Loader.AssemblyLoadContext.ResolveUsingResolvingEvent(IntPtr gchManagedAssemblyLoadContext, AssemblyName assemblyName)
TpTrace Verbose: 0 : 17572, 1, 2026/01/17, 19:58:07.331, 6348657239642, vstest.console.dll, MetadataReaderExtensionsHelper: Discovering extensions inside assembly 'Microsoft.TestPlatform.Extensions.BlameDataCollector, Version=15.0.0.0, Culture=neutral, PublicKeyToken=b03f5f7f11d50a3a' file path 'C:\Program Files\dotnet\sdk\9.0.100\Extensions\Microsoft.TestPlatform.Extensions.BlameDataCollector.dll'
TpTrace Information: 0 : 17572, 1, 2026/01/17, 19:58:07.331, 6348657248216, vstest.console.dll, GetTestExtensionFromType: Register extension with identifier data 'logger://Microsoft/TestPlatform/Extensions/Blame/v1' and type 'Microsoft.TestPlatform.Extensions.BlameDataCollector.BlameLogger, Microsoft.TestPlatform.Extensions.BlameDataCollector, Version=15.0.0.0, Culture=neutral, PublicKeyToken=b03f5f7f11d50a3a' inside file 'C:\Program Files\dotnet\sdk\9.0.100\Extensions\Microsoft.TestPlatform.Extensions.BlameDataCollector.dll'
TpTrace Verbose: 0 : 17572, 1, 2026/01/17, 19:58:07.332, 6348657249023, vstest.console.dll, MetadataReaderExtensionsHelper: Discovering extensions inside assembly 'Microsoft.TestPlatform.Extensions.EventLogCollector, Version=15.0.0.0, Culture=neutral, PublicKeyToken=b03f5f7f11d50a3a' file path 'C:\Program Files\dotnet\sdk\9.0.100\Extensions\Microsoft.TestPlatform.Extensions.EventLogCollector.dll'
TpTrace Verbose: 0 : 17572, 1, 2026/01/17, 19:58:07.332, 6348657254571, vstest.console.dll, MetadataReaderExtensionsHelper: Discovering extensions inside assembly 'Microsoft.TestPlatform.TestHostRuntimeProvider, Version=15.0.0.0, Culture=neutral, PublicKeyToken=b03f5f7f11d50a3a' file path 'C:\Program Files\dotnet\sdk\9.0.100\Extensions\Microsoft.TestPlatform.TestHostRuntimeProvider.dll'
TpTrace Verbose: 0 : 17572, 1, 2026/01/17, 19:58:07.333, 6348657259708, vstest.console.dll, MetadataReaderExtensionsHelper: Discovering extensions inside assembly 'Microsoft.VisualStudio.TestPlatform.Extensions.Html.TestLogger, Version=15.0.0.0, Culture=neutral, PublicKeyToken=b03f5f7f11d50a3a' file path 'C:\Program Files\dotnet\sdk\9.0.100\Extensions\Microsoft.VisualStudio.TestPlatform.Extensions.Html.TestLogger.dll'
TpTrace Information: 0 : 17572, 1, 2026/01/17, 19:58:07.333, 6348657268163, vstest.console.dll, GetTestExtensionFromType: Register extension with identifier data 'logger://Microsoft/TestPlatform/HtmlLogger/v1' and type 'Microsoft.VisualStudio.TestPlatform.Extensions.HtmlLogger.HtmlLogger, Microsoft.VisualStudio.TestPlatform.Extensions.Html.TestLogger, Version=15.0.0.0, Culture=neutral, PublicKeyToken=b03f5f7f11d50a3a' inside file 'C:\Program Files\dotnet\sdk\9.0.100\Extensions\Microsoft.VisualStudio.TestPlatform.Extensions.Html.TestLogger.dll'
TpTrace Verbose: 0 : 17572, 1, 2026/01/17, 19:58:07.334, 6348657269090, vstest.console.dll, MetadataReaderExtensionsHelper: Discovering extensions inside assembly 'Microsoft.VisualStudio.TestPlatform.Extensions.Trx.TestLogger, Version=15.0.0.0, Culture=neutral, PublicKeyToken=b03f5f7f11d50a3a' file path 'C:\Program Files\dotnet\sdk\9.0.100\Extensions\Microsoft.VisualStudio.TestPlatform.Extensions.Trx.TestLogger.dll'
TpTrace Information: 0 : 17572, 1, 2026/01/17, 19:58:07.334, 6348657275336, vstest.console.dll, GetTestExtensionFromType: Register extension with identifier data 'logger://Microsoft/TestPlatform/TrxLogger/v1' and type 'Microsoft.VisualStudio.TestPlatform.Extensions.TrxLogger.TrxLogger, Microsoft.VisualStudio.TestPlatform.Extensions.Trx.TestLogger, Version=15.0.0.0, Culture=neutral, PublicKeyToken=b03f5f7f11d50a3a' inside file 'C:\Program Files\dotnet\sdk\9.0.100\Extensions\Microsoft.VisualStudio.TestPlatform.Extensions.Trx.TestLogger.dll'
TpTrace Verbose: 0 : 17572, 1, 2026/01/17, 19:58:07.334, 6348657276271, vstest.console.dll, TestPluginCache: Discovered the extensions using extension path ''.
TpTrace Verbose: 0 : 17572, 1, 2026/01/17, 19:58:07.334, 6348657276686, vstest.console.dll, TestPluginCache: Discoverers are ''.
TpTrace Verbose: 0 : 17572, 1, 2026/01/17, 19:58:07.334, 6348657277019, vstest.console.dll, TestPluginCache: Executors are ''.
TpTrace Verbose: 0 : 17572, 1, 2026/01/17, 19:58:07.334, 6348657277528, vstest.console.dll, TestPluginCache: Executors2 are ''.
TpTrace Verbose: 0 : 17572, 1, 2026/01/17, 19:58:07.334, 6348657277883, vstest.console.dll, TestPluginCache: Setting providers are ''.
TpTrace Verbose: 0 : 17572, 1, 2026/01/17, 19:58:07.335, 6348657285443, vstest.console.dll, TestPluginCache: Loggers are 'logger://Microsoft/TestPlatform/Extensions/Blame/v1,logger://Microsoft/TestPlatform/HtmlLogger/v1,logger://Microsoft/TestPlatform/TrxLogger/v1'.
TpTrace Verbose: 0 : 17572, 1, 2026/01/17, 19:58:07.335, 6348657286377, vstest.console.dll, TestPluginCache: TestHosts are 'HostProvider://DefaultTestHost,HostProvider://DotnetTestHost'.
TpTrace Verbose: 0 : 17572, 1, 2026/01/17, 19:58:07.335, 6348657286806, vstest.console.dll, TestPluginCache: DataCollectors are ''.
TpTrace Information: 0 : 17572, 1, 2026/01/17, 19:58:07.336, 6348657298230, vstest.console.dll, TestPluginManager.CreateTestExtension: Attempting to load test extension: Microsoft.TestPlatform.Extensions.BlameDataCollector.BlameLogger
TpTrace Verbose: 0 : 17572, 1, 2026/01/17, 19:58:07.351, 6348657447567, vstest.console.dll, TestEngine: Initializing Parallel Execution as MaxCpuCount is set to: 1
TpTrace Information: 0 : 17572, 1, 2026/01/17, 19:58:07.353, 6348657465233, vstest.console.dll, TestPluginManager.CreateTestExtension: Attempting to load test extension: Microsoft.VisualStudio.TestPlatform.CrossPlatEngine.Hosting.DefaultTestHostManager
TpTrace Information: 0 : 17572, 1, 2026/01/17, 19:58:07.355, 6348657486403, vstest.console.dll, TestPluginManager.CreateTestExtension: Attempting to load test extension: Microsoft.VisualStudio.TestPlatform.CrossPlatEngine.Hosting.DotnetTestHostManager
TpTrace Verbose: 0 : 17572, 1, 2026/01/17, 19:58:07.356, 6348657489564, vstest.console.dll, TestHostManagerCallbacks.ctor: Forwarding output is enabled.
TpTrace Information: 0 : 17572, 1, 2026/01/17, 19:58:07.356, 6348657494787, vstest.console.dll, InferRunSettingsHelper.IsTestSettingsEnabled: Unable to navigate to RunSettings/MSTest. Current node: RunSettings
TpTrace Verbose: 0 : 17572, 1, 2026/01/17, 19:58:07.357, 6348657504430, vstest.console.dll, ParallelOperationManager.ClearSlots: Clearing all slots. Slots should accept more work: True
TpTrace Verbose: 0 : 17572, 1, 2026/01/17, 19:58:07.358, 6348657513572, vstest.console.dll, ParallelOperationManager.SetOccupiedSlotCount: Setting slot counts AvailableSlotCount = 1, OccupiedSlotCount = 0.
TpTrace Verbose: 0 : 17572, 1, 2026/01/17, 19:58:07.359, 6348657519301, vstest.console.dll, Occupied slots:

TpTrace Verbose: 0 : 17572, 1, 2026/01/17, 19:58:07.362, 6348657556254, vstest.console.dll, TestEngine.GetExecutionManager: Chosen execution manager 'Microsoft.VisualStudio.TestPlatform.CrossPlatEngine.Client.Parallel.ParallelProxyExecutionManager, Microsoft.TestPlatform.CrossPlatEngine, Version=15.0.0.0, Culture=neutral, PublicKeyToken=b03f5f7f11d50a3a' ParallelLevel '1'.
TpTrace Verbose: 0 : 17572, 1, 2026/01/17, 19:58:07.362, 6348657558182, vstest.console.dll, TestPlatform.GetSkipDefaultAdapters: Not skipping default adapters SkipDefaultAdapters was false.
TpTrace Verbose: 0 : 17572, 1, 2026/01/17, 19:58:07.363, 6348657559401, vstest.console.dll, TestRunRequest.ExecuteAsync: Creating test run request.
TpTrace Verbose: 0 : 17572, 1, 2026/01/17, 19:58:07.363, 6348657562223, vstest.console.dll, TestRunRequest.ExecuteAsync: Starting.
TpTrace Information: 0 : 17572, 1, 2026/01/17, 19:58:07.364, 6348657575070, vstest.console.dll, TestRunRequest.ExecuteAsync: Starting run with settings:TestRunCriteria:
   KeepAlive=False,FrequencyOfRunStatsChangeEvent=10,RunStatsChangeEventTimeout=00:00:01.5000000,TestCaseFilter=,TestExecutorLauncher=
   Settingsxml=<RunSettings>
  <RunConfiguration>
    <ResultsDirectory>C:\Users\TOSHIBA\source\repos\1.QA Wiki\3.PracticeLocators\bin\Debug\net8.0\fine-code-coverage\coverage-tool-output</ResultsDirectory>
    <TargetPlatform>X64</TargetPlatform>
    <TargetFrameworkVersion>.NETCoreApp,Version=v8.0</TargetFrameworkVersion>
    <DesignMode>False</DesignMode>
    <CollectSourceInformation>False</CollectSourceInformation>
  </RunConfiguration>
  <LoggerRunSettings>
    <Loggers>
      <Logger friendlyName="blame" enabled="True" />
      <Logger friendlyName="Console" uri="logger://microsoft/TestPlatform/ConsoleLogger/v1" assemblyQualifiedName="Microsoft.VisualStudio.TestPlatform.CommandLine.Internal.ConsoleLogger, vstest.console, Version=15.0.0.0, Culture=neutral, PublicKeyToken=b03f5f7f11d50a3a" codeBase="C:\Program Files\dotnet\sdk\9.0.100\vstest.console.dll" enabled="True" />
    </Loggers>
  </LoggerRunSettings>
  <DataCollectionRunSettings>
    <DataCollectors>
      <DataCollector friendlyName="blame" enabled="True">
        <Configuration>
          <ResultsDirectory>C:\Users\TOSHIBA\source\repos\1.QA Wiki\3.PracticeLocators\bin\Debug\net8.0\fine-code-coverage\coverage-tool-output</ResultsDirectory>
        </Configuration>
      </DataCollector>
    </DataCollectors>
  </DataCollectionRunSettings>
</RunSettings>

TpTrace Verbose: 0 : 17572, 1, 2026/01/17, 19:58:07.364, 6348657575699, vstest.console.dll, TestRunRequest.ExecuteAsync: Wait for the first run request is over.
TpTrace Verbose: 0 : 17572, 1, 2026/01/17, 19:58:07.364, 6348657578291, vstest.console.dll, MulticastDelegateUtilities.SafeInvoke: TestRun.TestRunStart: Invoking callbacks was skipped because there are no subscribers.
TpTrace Verbose: 0 : 17572, 4, 2026/01/17, 19:58:07.365, 6348657580381, vstest.console.dll, MulticastDelegateUtilities.SafeInvoke: InternalTestLoggerEvents.SendTestRunStart: Invoking callback 1/1 for Microsoft.VisualStudio.TestPlatform.CommandLine.Internal.ConsoleLogger., took 0 ms.
TpTrace Verbose: 0 : 17572, 1, 2026/01/17, 19:58:07.366, 6348657593836, vstest.console.dll, ParallelProxyExecutionManager: Start execution. Total sources: 1
TpTrace Verbose: 0 : 17572, 1, 2026/01/17, 19:58:07.366, 6348657597879, vstest.console.dll, ParallelOperationManager.StartWork: Starting adding 1 workloads.
TpTrace Verbose: 0 : 17572, 1, 2026/01/17, 19:58:07.367, 6348657598701, vstest.console.dll, ParallelOperationManager.ClearSlots: Clearing all slots. Slots should accept more work: True
TpTrace Verbose: 0 : 17572, 1, 2026/01/17, 19:58:07.367, 6348657599693, vstest.console.dll, ParallelOperationManager.SetOccupiedSlotCount: Setting slot counts AvailableSlotCount = 1, OccupiedSlotCount = 0.
TpTrace Verbose: 0 : 17572, 1, 2026/01/17, 19:58:07.367, 6348657600161, vstest.console.dll, Occupied slots:

TpTrace Verbose: 0 : 17572, 1, 2026/01/17, 19:58:07.368, 6348657613703, vstest.console.dll, TestHostManagerCallbacks.ctor: Forwarding output is enabled.
TpTrace Verbose: 0 : 17572, 1, 2026/01/17, 19:58:07.369, 6348657619371, vstest.console.dll, TestRequestSender is acting as server.
TpTrace Verbose: 0 : 17572, 1, 2026/01/17, 19:58:07.370, 6348657631987, vstest.console.dll, ParallelOperationManager.RunWorkInParallel: Adding 1 workload to slot, remaining workloads 0.
TpTrace Verbose: 0 : 17572, 1, 2026/01/17, 19:58:07.370, 6348657632644, vstest.console.dll, ParallelOperationManager.SetOccupiedSlotCount: Setting slot counts AvailableSlotCount = 0, OccupiedSlotCount = 1.
TpTrace Verbose: 0 : 17572, 1, 2026/01/17, 19:58:07.370, 6348657634198, vstest.console.dll, Occupied slots:
0: C:\Users\TOSHIBA\source\repos\1.QA Wiki\3.PracticeLocators\bin\Debug\net8.0\fine-code-coverage\build-output\3.PracticeLocators.dll
TpTrace Verbose: 0 : 17572, 1, 2026/01/17, 19:58:07.372, 6348657653965, vstest.console.dll, ParallelOperationManager.RunWorkInParallel: Started host in slot number 0 for work (source): C:\Users\TOSHIBA\source\repos\1.QA Wiki\3.PracticeLocators\bin\Debug\net8.0\fine-code-coverage\build-output\3.PracticeLocators.dll.
TpTrace Verbose: 0 : 17572, 5, 2026/01/17, 19:58:07.373, 6348657662472, vstest.console.dll, ParallelProxyExecutionManager.StartTestRunOnConcurrentManager: Initializing uninitialized client. Started clients: 0
TpTrace Verbose: 0 : 17572, 1, 2026/01/17, 19:58:07.373, 6348657663063, vstest.console.dll, ParallelOperationManager.RunWorkInParallel: We started 1 work items, which is the max parallel level. Won't start more work.
TpTrace Verbose: 0 : 17572, 1, 2026/01/17, 19:58:07.373, 6348657663860, vstest.console.dll, ParallelOperationManager.RunWorkInParallel: We started 1 work items in here, returning True.
TpTrace Verbose: 0 : 17572, 5, 2026/01/17, 19:58:07.373, 6348657664071, vstest.console.dll, DataCollectionRequestSender.InitializeCommunication : Initialize communication. 
TpTrace Information: 0 : 17572, 1, 2026/01/17, 19:58:07.373, 6348657664610, vstest.console.dll, TestRunRequest.ExecuteAsync: Started.
TpTrace Verbose: 0 : 17572, 1, 2026/01/17, 19:58:07.374, 6348657672503, vstest.console.dll, TestRunRequest.WaitForCompletion: Waiting with timeout -1.
TpTrace Information: 0 : 17572, 5, 2026/01/17, 19:58:07.384, 6348657772595, vstest.console.dll, Listening on Endpoint : 127.0.0.1:50353
TpTrace Verbose: 0 : 17572, 5, 2026/01/17, 19:58:07.393, 6348657864088, vstest.console.dll, DotnetDataCollectionLauncher: Adding  --runtimeconfig "C:\Program Files\dotnet\sdk\9.0.100\datacollector.runtimeconfig.json" in args
TpTrace Verbose: 0 : 17572, 5, 2026/01/17, 19:58:07.393, 6348657865452, vstest.console.dll, DotnetDataCollectionLauncher: Adding  --depsfile "C:\Program Files\dotnet\sdk\9.0.100\datacollector.deps.json" in args
TpTrace Verbose: 0 : 17572, 5, 2026/01/17, 19:58:07.393, 6348657867799, vstest.console.dll, DotnetDataCollectionLauncher: Full path of dotnet.exe is C:\Program Files\dotnet\dotnet.exe
TpTrace Information: 0 : 17572, 5, 2026/01/17, 19:58:07.401, 6348657943853, vstest.console.dll, ProxyDataCollectionManager.Initialize: Launched datacollector processId: 16068 port: 50353
TpTrace Information: 0 : 17572, 5, 2026/01/17, 19:58:07.401, 6348657946616, vstest.console.dll, ProxyDataCollectionManager.Initialize: waiting for connection with timeout: 90 seconds
TpTrace Verbose: 0 : 17572, 5, 2026/01/17, 19:58:07.401, 6348657947709, vstest.console.dll, DataCollectionRequestSender.WaitForRequestHandlerConnection : Waiting for connection with timeout: 90000
TpTrace Verbose: 0 : 17572, 5, 2026/01/17, 19:58:07.604, 6348659970625, vstest.console.dll, SocketCommunicationManager.WaitForClientConnection took: 202 ms, with 90000 ms timeout, and finished with True.
TpTrace Information: 0 : 17572, 9, 2026/01/17, 19:58:07.604, 6348659970497, vstest.console.dll, Using the buffer size of 16384 bytes
TpTrace Information: 0 : 17572, 9, 2026/01/17, 19:58:07.604, 6348659972331, vstest.console.dll, Accepted Client request and set the flag
TpTrace Verbose: 0 : 17572, 5, 2026/01/17, 19:58:07.604, 6348659972310, vstest.console.dll, ProxyDataCollectionManager.InvokeDataCollectionServiceAction: Starting.
TpTrace Information: 0 : 17572, 5, 2026/01/17, 19:58:07.604, 6348659973927, vstest.console.dll, ProxyDataCollectionManager.BeforeTestRunStart: Get environment variable and port for datacollector processId: 16068 port: 50353
TpTrace Verbose: 0 : 17572, 5, 2026/01/17, 19:58:07.604, 6348659975299, vstest.console.dll, DataCollectionRequestSender.SendBeforeTestRunStartAndGetResult: Send BeforeTestRunStart message with settingsXml <RunSettings><RunConfiguration><ResultsDirectory>C:\Users\TOSHIBA\source\repos\1.QA Wiki\3.PracticeLocators\bin\Debug\net8.0\fine-code-coverage\coverage-tool-output</ResultsDirectory><TargetPlatform>X64</TargetPlatform><TargetFrameworkVersion>.NETCoreApp,Version=v8.0</TargetFrameworkVersion><DesignMode>False</DesignMode><CollectSourceInformation>False</CollectSourceInformation><TestAdaptersPaths>C:\Program Files\dotnet\sdk\9.0.100\Extensions</TestAdaptersPaths></RunConfiguration><LoggerRunSettings><Loggers><Logger friendlyName="blame" enabled="True" /><Logger friendlyName="Console" uri="logger://microsoft/TestPlatform/ConsoleLogger/v1" assemblyQualifiedName="Microsoft.VisualStudio.TestPlatform.CommandLine.Internal.ConsoleLogger, vstest.console, Version=15.0.0.0, Culture=neutral, PublicKeyToken=b03f5f7f11d50a3a" codeBase="C:\Program Files\dotnet\sdk\9.0.100\vstest.console.dll" enabled="True" /></Loggers></LoggerRunSettings><DataCollectionRunSettings><DataCollectors><DataCollector friendlyName="blame" enabled="True"><Configuration><ResultsDirectory>C:\Users\TOSHIBA\source\repos\1.QA Wiki\3.PracticeLocators\bin\Debug\net8.0\fine-code-coverage\coverage-tool-output</ResultsDirectory></Configuration></DataCollector></DataCollectors></DataCollectionRunSettings></RunSettings> and sources System.Collections.Generic.List`1[System.String]: 
TpTrace Verbose: 0 : 17572, 5, 2026/01/17, 19:58:07.685, 6348660783357, vstest.console.dll, DataCollectionRequestSender.SendBeforeTestRunStartAndGetResult: Received message: (DataCollection.SendMessage) -> {"MessageType":"DataCollection.SendMessage","Payload":{"FriendlyName":null,"Uri":null,"TestCaseId":"00000000-0000-0000-0000-000000000000","Message":"Logging DataCollector Diagnostics in file: C:\\Users\\TOSHIBA\\source\\repos\\1.QA Wiki\\3.PracticeLocators\\bin\\Debug\\net8.0\\fine-code-coverage\\coverage-tool-output\\diagnostics.datacollector.26-01-17_19-58-07_39328_5.log","Level":0}}
TpTrace Verbose: 0 : 17572, 5, 2026/01/17, 19:58:07.809, 6348662019134, vstest.console.dll, DataCollectionRequestSender.SendBeforeTestRunStartAndGetResult: Received message: (DataCollection.BeforeTestRunStartResult) -> {"MessageType":"DataCollection.BeforeTestRunStartResult","Payload":{"EnvironmentVariables":{},"DataCollectionEventsPort":50355}}
TpTrace Information: 0 : 17572, 5, 2026/01/17, 19:58:07.816, 6348662088720, vstest.console.dll, ProxyDataCollectionManager.BeforeTestRunStart: SendBeforeTestRunStartAndGetResult successful, env variable from datacollector:   and testhost port: 50355
TpTrace Information: 0 : 17572, 5, 2026/01/17, 19:58:07.816, 6348662089874, vstest.console.dll, ProxyDataCollectionManager.InvokeDataCollectionServiceAction: Completed.
TpTrace Verbose: 0 : 17572, 5, 2026/01/17, 19:58:07.816, 6348662090278, vstest.console.dll, ParallelProxyExecutionManager.StartTestRunOnConcurrentManager: Initializing test run. Started clients: 0
TpTrace Verbose: 0 : 17572, 5, 2026/01/17, 19:58:07.816, 6348662091425, vstest.console.dll, ProxyExecutionManager: Test host is always Lazy initialize.
TpTrace Verbose: 0 : 17572, 5, 2026/01/17, 19:58:07.816, 6348662094210, vstest.console.dll, TestRequestSender.InitializeCommunication: initialize communication. 
TpTrace Information: 0 : 17572, 5, 2026/01/17, 19:58:07.818, 6348662108914, vstest.console.dll, SocketServer.Start: Listening on endpoint : 127.0.0.1:50356
TpTrace Verbose: 0 : 17572, 5, 2026/01/17, 19:58:07.818, 6348662118097, vstest.console.dll, DotnetTestHostmanager.GetTestHostProcessStartInfo: Platform environment 'X64' target architecture 'X64' framework '.NETCoreApp,Version=v8.0' OS 'Windows'
TpTrace Verbose: 0 : 17572, 5, 2026/01/17, 19:58:07.819, 6348662120155, vstest.console.dll, DotnetTestHostmanager: Adding  --runtimeconfig "C:\Users\TOSHIBA\source\repos\1.QA Wiki\3.PracticeLocators\bin\Debug\net8.0\fine-code-coverage\build-output\3.PracticeLocators.runtimeconfig.json" in args
TpTrace Verbose: 0 : 17572, 5, 2026/01/17, 19:58:07.819, 6348662121130, vstest.console.dll, DotnetTestHostmanager: Adding  --depsfile "C:\Users\TOSHIBA\source\repos\1.QA Wiki\3.PracticeLocators\bin\Debug\net8.0\fine-code-coverage\build-output\3.PracticeLocators.deps.json" in args
TpTrace Verbose: 0 : 17572, 5, 2026/01/17, 19:58:07.819, 6348662123230, vstest.console.dll, DotnetTestHostmanager.IsWinOnArm: Current PROCESSOR_ARCHITECTURE from environment variable 'AMD64'
TpTrace Verbose: 0 : 17572, 5, 2026/01/17, 19:58:07.819, 6348662123938, vstest.console.dll, DotnetTestHostmanager.IsWinOnArm: Is Windows on ARM 'False'
TpTrace Verbose: 0 : 17572, 5, 2026/01/17, 19:58:07.819, 6348662124771, vstest.console.dll, DotnetTestHostManager: testhost.exe found at path: C:\Users\TOSHIBA\source\repos\1.QA Wiki\3.PracticeLocators\bin\Debug\net8.0\fine-code-coverage\build-output\testhost.exe
TpTrace Verbose: 0 : 17572, 5, 2026/01/17, 19:58:07.819, 6348662125294, vstest.console.dll, DotnetTestHostmanager: Full path of host exe is C:\Users\TOSHIBA\source\repos\1.QA Wiki\3.PracticeLocators\bin\Debug\net8.0\fine-code-coverage\build-output\testhost.exe
TpTrace Verbose: 0 : 17572, 5, 2026/01/17, 19:58:07.819, 6348662126805, vstest.console.dll, DotnetTestHostmanager.LaunchTestHostAsync: Found 'VSTEST_WINAPPHOST_DOTNET_ROOT' in env variables, value 'C:\Program Files\dotnet', forwarding to 'DOTNET_ROOT'
TpTrace Verbose: 0 : 17572, 5, 2026/01/17, 19:58:07.819, 6348662128540, vstest.console.dll, DotnetTestHostManager: Starting process 'C:\Users\TOSHIBA\source\repos\1.QA Wiki\3.PracticeLocators\bin\Debug\net8.0\fine-code-coverage\build-output\testhost.exe' with command line ' --runtimeconfig "C:\Users\TOSHIBA\source\repos\1.QA Wiki\3.PracticeLocators\bin\Debug\net8.0\fine-code-coverage\build-output\3.PracticeLocators.runtimeconfig.json" --depsfile "C:\Users\TOSHIBA\source\repos\1.QA Wiki\3.PracticeLocators\bin\Debug\net8.0\fine-code-coverage\build-output\3.PracticeLocators.deps.json" --port 50356 --endpoint 127.0.0.1:050356 --role client --parentprocessid 17572 --diag "C:\Users\TOSHIBA\source\repos\1.QA Wiki\3.PracticeLocators\bin\Debug\net8.0\fine-code-coverage\coverage-tool-output\diagnostics.host.26-01-17_19-58-07_81852_5.log" --tracelevel 4 --datacollectionport 50355 --telemetryoptedin false'
TpTrace Verbose: 0 : 17572, 5, 2026/01/17, 19:58:07.830, 6348662237033, vstest.console.dll, MulticastDelegateUtilities.SafeInvoke: HostProviderEvents.OnHostLaunched: Invoking callback 1/2 for Microsoft.VisualStudio.TestPlatform.CrossPlatEngine.Client.ProxyExecutionManagerWithDataCollection., took 1 ms.
TpTrace Verbose: 0 : 17572, 5, 2026/01/17, 19:58:07.831, 6348662242089, vstest.console.dll, Test Runtime launched
TpTrace Verbose: 0 : 17572, 5, 2026/01/17, 19:58:07.831, 6348662243281, vstest.console.dll, MulticastDelegateUtilities.SafeInvoke: HostProviderEvents.OnHostLaunched: Invoking callback 2/2 for Microsoft.VisualStudio.TestPlatform.CrossPlatEngine.Client.ProxyOperationManager., took 0 ms.
TpTrace Verbose: 0 : 17572, 5, 2026/01/17, 19:58:07.831, 6348662245514, vstest.console.dll, TestRequestSender.WaitForRequestHandlerConnection: waiting for connection with timeout: 90000.
TpTrace Verbose: 0 : 17572, 5, 2026/01/17, 19:58:08.103, 6348664967524, vstest.console.dll, TestRequestSender.WaitForRequestHandlerConnection: waiting took 272 ms, with timeout 90000 ms, and result 0, which is success.
TpTrace Verbose: 0 : 17572, 12, 2026/01/17, 19:58:08.103, 6348664969356, vstest.console.dll, MulticastDelegateUtilities.SafeInvoke: SocketServer: ClientConnected: Invoking callback 1/1 for Microsoft.VisualStudio.TestPlatform.CommunicationUtilities.TestRequestSender., took 0 ms.
TpTrace Verbose: 0 : 17572, 12, 2026/01/17, 19:58:08.104, 6348664970263, vstest.console.dll, SocketServer.OnClientConnected: Client connected for endPoint: 127.0.0.1:50356, starting MessageLoopAsync:
TpTrace Verbose: 0 : 17572, 12, 2026/01/17, 19:58:08.104, 6348664976822, vstest.console.dll, TcpClientExtensions.MessageLoopAsync: Polling on remoteEndPoint: 127.0.0.1:50357 localEndPoint: 127.0.0.1:50356 after 0 ms
TpTrace Verbose: 0 : 17572, 5, 2026/01/17, 19:58:08.105, 6348664981805, vstest.console.dll, TestRequestSender.CheckVersionWithTestHost: Sending check version message: {"MessageType":"ProtocolVersion","Payload":7}
TpTrace Verbose: 0 : 17572, 12, 2026/01/17, 19:58:08.251, 6348666441696, vstest.console.dll, TcpClientExtensions.MessageLoopAsync: NotifyDataAvailable remoteEndPoint: 127.0.0.1:50357 localEndPoint: 127.0.0.1:50356
TpTrace Verbose: 0 : 17572, 12, 2026/01/17, 19:58:08.251, 6348666444652, vstest.console.dll, TestRequestSender.CheckVersionWithTestHost: onMessageReceived received message: (ProtocolVersion) -> {"MessageType":"ProtocolVersion","Payload":7}
TpTrace Verbose: 0 : 17572, 12, 2026/01/17, 19:58:08.253, 6348666460131, vstest.console.dll, MulticastDelegateUtilities.SafeInvoke: LengthPrefixCommunicationChannel: MessageReceived: Invoking callback 1/1 for Microsoft.VisualStudio.TestPlatform.CommunicationUtilities.TestRequestSender+<>c__DisplayClass29_0., took 1 ms.
TpTrace Verbose: 0 : 17572, 5, 2026/01/17, 19:58:08.253, 6348666461853, vstest.console.dll, TestPluginCache.GetExtensionPaths: Filtered extension paths: 
TpTrace Verbose: 0 : 17572, 12, 2026/01/17, 19:58:08.253, 6348666462043, vstest.console.dll, TcpClientExtensions.MessageLoopAsync: Polling on remoteEndPoint: 127.0.0.1:50357 localEndPoint: 127.0.0.1:50356 after 148 ms
TpTrace Verbose: 0 : 17572, 5, 2026/01/17, 19:58:08.253, 6348666462831, vstest.console.dll, TestPluginCache.GetExtensionPaths: Added default extension paths: C:\Program Files\dotnet\sdk\9.0.100\Extensions\Microsoft.Diagnostics.NETCore.Client.dll
C:\Program Files\dotnet\sdk\9.0.100\Extensions\Microsoft.TestPlatform.Extensions.BlameDataCollector.dll
C:\Program Files\dotnet\sdk\9.0.100\Extensions\Microsoft.TestPlatform.Extensions.EventLogCollector.dll
C:\Program Files\dotnet\sdk\9.0.100\Extensions\Microsoft.TestPlatform.TestHostRuntimeProvider.dll
C:\Program Files\dotnet\sdk\9.0.100\Extensions\Microsoft.VisualStudio.TestPlatform.Extensions.Html.TestLogger.dll
C:\Program Files\dotnet\sdk\9.0.100\Extensions\Microsoft.VisualStudio.TestPlatform.Extensions.Trx.TestLogger.dll
TpTrace Verbose: 0 : 17572, 5, 2026/01/17, 19:58:08.253, 6348666464196, vstest.console.dll, TestPluginCache.GetExtensionPaths: Added unfilterableExtensionPaths: 
TpTrace Verbose: 0 : 17572, 5, 2026/01/17, 19:58:08.257, 6348666508388, vstest.console.dll, TestRequestSender.InitializeExecution: Sending initialize execution with message: {"Version":7,"MessageType":"TestExecution.Initialize","Payload":["C:\\Users\\TOSHIBA\\source\\repos\\1.QA Wiki\\3.PracticeLocators\\bin\\Debug\\net8.0\\fine-code-coverage\\build-output\\NUnit3.TestAdapter.dll"]}
TpTrace Verbose: 0 : 17572, 5, 2026/01/17, 19:58:08.258, 6348666512666, vstest.console.dll, ParallelProxyExecutionManager.StartTestRunOnConcurrentManager: Execution starting. Started clients: 1
TpTrace Verbose: 0 : 17572, 5, 2026/01/17, 19:58:08.259, 6348666519165, vstest.console.dll, TestRunRequest:SendTestRunMessage: Starting.
TpTrace Verbose: 0 : 17572, 5, 2026/01/17, 19:58:08.259, 6348666522105, vstest.console.dll, MulticastDelegateUtilities.SafeInvoke: TestRun.LogMessages: Invoking callback 1/1 for Microsoft.VisualStudio.TestPlatform.CommandLine.TestRunResultAggregator., took 0 ms.
TpTrace Verbose: 0 : 17572, 4, 2026/01/17, 19:58:08.259, 6348666522088, vstest.console.dll, MulticastDelegateUtilities.SafeInvoke: InternalTestLoggerEvents.SendTestRunMessage: Invoking callback 1/1 for Microsoft.VisualStudio.TestPlatform.CommandLine.Internal.ConsoleLogger., took 0 ms.
TpTrace Information: 0 : 17572, 5, 2026/01/17, 19:58:08.259, 6348666523240, vstest.console.dll, TestRunRequest:SendTestRunMessage: Completed.
TpTrace Warning: 0 : 17572, 5, 2026/01/17, 19:58:08.260, 6348666528833, vstest.console.dll, InferRunSettingsHelper.MakeRunsettingsCompatible: Removing the following settings: TargetPlatform from RunSettings file. To use those settings please move to latest version of Microsoft.NET.Test.Sdk
TpTrace Verbose: 0 : 17572, 12, 2026/01/17, 19:58:08.260, 6348666530432, vstest.console.dll, TcpClientExtensions.MessageLoopAsync: NotifyDataAvailable remoteEndPoint: 127.0.0.1:50357 localEndPoint: 127.0.0.1:50356
TpTrace Verbose: 0 : 17572, 12, 2026/01/17, 19:58:08.260, 6348666538426, vstest.console.dll, TestRequestSender.OnExecutionMessageReceived: Received message: {"Version":7,"MessageType":"TestSession.Message","Payload":{"MessageLevel":0,"Message":"Logging TestHost Diagnostics in file: C:\\Users\\TOSHIBA\\source\\repos\\1.QA Wiki\\3.PracticeLocators\\bin\\Debug\\net8.0\\fine-code-coverage\\coverage-tool-output\\diagnostics.host.26-01-17_19-58-07_81852_5.log"}}
TpTrace Verbose: 0 : 17572, 12, 2026/01/17, 19:58:08.264, 6348666575108, vstest.console.dll, TestRunRequest:SendTestRunMessage: Starting.
TpTrace Verbose: 0 : 17572, 12, 2026/01/17, 19:58:08.265, 6348666579779, vstest.console.dll, MulticastDelegateUtilities.SafeInvoke: TestRun.LogMessages: Invoking callback 1/1 for Microsoft.VisualStudio.TestPlatform.CommandLine.TestRunResultAggregator., took 0 ms.
TpTrace Verbose: 0 : 17572, 4, 2026/01/17, 19:58:08.265, 6348666579779, vstest.console.dll, MulticastDelegateUtilities.SafeInvoke: InternalTestLoggerEvents.SendTestRunMessage: Invoking callback 1/1 for Microsoft.VisualStudio.TestPlatform.CommandLine.Internal.ConsoleLogger., took 0 ms.
TpTrace Information: 0 : 17572, 12, 2026/01/17, 19:58:08.265, 6348666580803, vstest.console.dll, TestRunRequest:SendTestRunMessage: Completed.
TpTrace Verbose: 0 : 17572, 12, 2026/01/17, 19:58:08.265, 6348666582456, vstest.console.dll, MulticastDelegateUtilities.SafeInvoke: LengthPrefixCommunicationChannel: MessageReceived: Invoking callback 1/1 for Microsoft.VisualStudio.TestPlatform.CommunicationUtilities.TestRequestSender+<>c__DisplayClass34_0., took 4 ms.
TpTrace Verbose: 0 : 17572, 12, 2026/01/17, 19:58:08.265, 6348666583155, vstest.console.dll, TcpClientExtensions.MessageLoopAsync: Polling on remoteEndPoint: 127.0.0.1:50357 localEndPoint: 127.0.0.1:50356 after 11 ms
TpTrace Verbose: 0 : 17572, 5, 2026/01/17, 19:58:08.274, 6348666668758, vstest.console.dll, TestRequestSender.StartTestRun: Sending test run with message: {"Version":7,"MessageType":"TestExecution.StartWithSources","Payload":{"AdapterSourceMap":{"_none_":["C:\\Users\\TOSHIBA\\source\\repos\\1.QA Wiki\\3.PracticeLocators\\bin\\Debug\\net8.0\\fine-code-coverage\\build-output\\3.PracticeLocators.dll"]},"RunSettings":"<RunSettings>\r\n  <RunConfiguration>\r\n    <ResultsDirectory>C:\\Users\\TOSHIBA\\source\\repos\\1.QA Wiki\\3.PracticeLocators\\bin\\Debug\\net8.0\\fine-code-coverage\\coverage-tool-output</ResultsDirectory>\r\n    <TargetFrameworkVersion>.NETCoreApp,Version=v8.0</TargetFrameworkVersion>\r\n    <DesignMode>False</DesignMode>\r\n    <CollectSourceInformation>False</CollectSourceInformation>\r\n  </RunConfiguration>\r\n  <LoggerRunSettings>\r\n    <Loggers>\r\n      <Logger friendlyName=\"blame\" enabled=\"True\" />\r\n      <Logger friendlyName=\"Console\" uri=\"logger://microsoft/TestPlatform/ConsoleLogger/v1\" assemblyQualifiedName=\"Microsoft.VisualStudio.TestPlatform.CommandLine.Internal.ConsoleLogger, vstest.console, Version=15.0.0.0, Culture=neutral, PublicKeyToken=b03f5f7f11d50a3a\" codeBase=\"C:\\Program Files\\dotnet\\sdk\\9.0.100\\vstest.console.dll\" enabled=\"True\" />\r\n    </Loggers>\r\n  </LoggerRunSettings>\r\n  <DataCollectionRunSettings>\r\n    <DataCollectors>\r\n      <DataCollector friendlyName=\"blame\" enabled=\"True\">\r\n        <Configuration>\r\n          <ResultsDirectory>C:\\Users\\TOSHIBA\\source\\repos\\1.QA Wiki\\3.PracticeLocators\\bin\\Debug\\net8.0\\fine-code-coverage\\coverage-tool-output</ResultsDirectory>\r\n        </Configuration>\r\n      </DataCollector>\r\n    </DataCollectors>\r\n  </DataCollectionRunSettings>\r\n</RunSettings>","TestExecutionContext":{"FrequencyOfRunStatsChangeEvent":10,"RunStatsChangeEventTimeout":"00:00:01.5000000","InIsolation":false,"KeepAlive":false,"AreTestCaseLevelEventsRequired":false,"IsDebug":false,"TestCaseFilter":null,"FilterOptions":null},"Package":null}}
TpTrace Verbose: 0 : 17572, 5, 2026/01/17, 19:58:08.274, 6348666670928, vstest.console.dll, ParallelProxyExecutionManager.StartTestRunOnConcurrentManager: Execution started. Started clients: 1
TpTrace Verbose: 0 : 17572, 12, 2026/01/17, 19:58:08.560, 6348669529307, vstest.console.dll, TcpClientExtensions.MessageLoopAsync: NotifyDataAvailable remoteEndPoint: 127.0.0.1:50357 localEndPoint: 127.0.0.1:50356
TpTrace Verbose: 0 : 17572, 12, 2026/01/17, 19:58:08.560, 6348669531804, vstest.console.dll, TestRequestSender.OnExecutionMessageReceived: Received message: {"Version":7,"MessageType":"TestSession.Message","Payload":{"MessageLevel":0,"Message":"NUnit Adapter 6.1.0.0: Test execution started"}}
TpTrace Verbose: 0 : 17572, 12, 2026/01/17, 19:58:08.560, 6348669534703, vstest.console.dll, TestRunRequest:SendTestRunMessage: Starting.
TpTrace Verbose: 0 : 17572, 12, 2026/01/17, 19:58:08.560, 6348669536052, vstest.console.dll, MulticastDelegateUtilities.SafeInvoke: TestRun.LogMessages: Invoking callback 1/1 for Microsoft.VisualStudio.TestPlatform.CommandLine.TestRunResultAggregator., took 0 ms.
TpTrace Verbose: 0 : 17572, 4, 2026/01/17, 19:58:08.560, 6348669536155, vstest.console.dll, MulticastDelegateUtilities.SafeInvoke: InternalTestLoggerEvents.SendTestRunMessage: Invoking callback 1/1 for Microsoft.VisualStudio.TestPlatform.CommandLine.Internal.ConsoleLogger., took 0 ms.
TpTrace Information: 0 : 17572, 12, 2026/01/17, 19:58:08.560, 6348669536795, vstest.console.dll, TestRunRequest:SendTestRunMessage: Completed.
TpTrace Verbose: 0 : 17572, 12, 2026/01/17, 19:58:08.560, 6348669538064, vstest.console.dll, MulticastDelegateUtilities.SafeInvoke: LengthPrefixCommunicationChannel: MessageReceived: Invoking callback 1/1 for Microsoft.VisualStudio.TestPlatform.CommunicationUtilities.TestRequestSender+<>c__DisplayClass34_0., took 0 ms.
TpTrace Verbose: 0 : 17572, 12, 2026/01/17, 19:58:08.560, 6348669538515, vstest.console.dll, TcpClientExtensions.MessageLoopAsync: Polling on remoteEndPoint: 127.0.0.1:50357 localEndPoint: 127.0.0.1:50356 after 295 ms
TpTrace Verbose: 0 : 17572, 12, 2026/01/17, 19:58:08.649, 6348670423034, vstest.console.dll, TcpClientExtensions.MessageLoopAsync: NotifyDataAvailable remoteEndPoint: 127.0.0.1:50357 localEndPoint: 127.0.0.1:50356
TpTrace Verbose: 0 : 17572, 12, 2026/01/17, 19:58:08.649, 6348670425074, vstest.console.dll, TestRequestSender.OnExecutionMessageReceived: Received message: {"Version":7,"MessageType":"TestSession.Message","Payload":{"MessageLevel":0,"Message":"Running all tests in C:\\Users\\TOSHIBA\\source\\repos\\1.QA Wiki\\3.PracticeLocators\\bin\\Debug\\net8.0\\fine-code-coverage\\build-output\\3.PracticeLocators.dll"}}
TpTrace Verbose: 0 : 17572, 12, 2026/01/17, 19:58:08.649, 6348670426743, vstest.console.dll, TestRunRequest:SendTestRunMessage: Starting.
TpTrace Verbose: 0 : 17572, 12, 2026/01/17, 19:58:08.649, 6348670427626, vstest.console.dll, MulticastDelegateUtilities.SafeInvoke: TestRun.LogMessages: Invoking callback 1/1 for Microsoft.VisualStudio.TestPlatform.CommandLine.TestRunResultAggregator., took 0 ms.
TpTrace Information: 0 : 17572, 12, 2026/01/17, 19:58:08.649, 6348670428189, vstest.console.dll, TestRunRequest:SendTestRunMessage: Completed.
TpTrace Verbose: 0 : 17572, 12, 2026/01/17, 19:58:08.650, 6348670428811, vstest.console.dll, MulticastDelegateUtilities.SafeInvoke: LengthPrefixCommunicationChannel: MessageReceived: Invoking callback 1/1 for Microsoft.VisualStudio.TestPlatform.CommunicationUtilities.TestRequestSender+<>c__DisplayClass34_0., took 0 ms.
TpTrace Verbose: 0 : 17572, 12, 2026/01/17, 19:58:08.650, 6348670429721, vstest.console.dll, TcpClientExtensions.MessageLoopAsync: Polling on remoteEndPoint: 127.0.0.1:50357 localEndPoint: 127.0.0.1:50356 after 89 ms
TpTrace Verbose: 0 : 17572, 4, 2026/01/17, 19:58:08.650, 6348670430734, vstest.console.dll, MulticastDelegateUtilities.SafeInvoke: InternalTestLoggerEvents.SendTestRunMessage: Invoking callback 1/1 for Microsoft.VisualStudio.TestPlatform.CommandLine.Internal.ConsoleLogger., took 0 ms.
TpTrace Verbose: 0 : 17572, 12, 2026/01/17, 19:58:09.024, 6348674172189, vstest.console.dll, TcpClientExtensions.MessageLoopAsync: NotifyDataAvailable remoteEndPoint: 127.0.0.1:50357 localEndPoint: 127.0.0.1:50356
TpTrace Verbose: 0 : 17572, 12, 2026/01/17, 19:58:09.024, 6348674174394, vstest.console.dll, TestRequestSender.OnExecutionMessageReceived: Received message: {"Version":7,"MessageType":"TestSession.Message","Payload":{"MessageLevel":0,"Message":"   NUnit3TestExecutor discovered 4 of 4 NUnit test cases using Current Discovery mode, Non-Explicit run"}}
TpTrace Verbose: 0 : 17572, 12, 2026/01/17, 19:58:09.024, 6348674176547, vstest.console.dll, TestRunRequest:SendTestRunMessage: Starting.
TpTrace Verbose: 0 : 17572, 12, 2026/01/17, 19:58:09.024, 6348674177619, vstest.console.dll, MulticastDelegateUtilities.SafeInvoke: TestRun.LogMessages: Invoking callback 1/1 for Microsoft.VisualStudio.TestPlatform.CommandLine.TestRunResultAggregator., took 0 ms.
TpTrace Information: 0 : 17572, 12, 2026/01/17, 19:58:09.024, 6348674178532, vstest.console.dll, TestRunRequest:SendTestRunMessage: Completed.
TpTrace Verbose: 0 : 17572, 12, 2026/01/17, 19:58:09.025, 6348674179644, vstest.console.dll, MulticastDelegateUtilities.SafeInvoke: LengthPrefixCommunicationChannel: MessageReceived: Invoking callback 1/1 for Microsoft.VisualStudio.TestPlatform.CommunicationUtilities.TestRequestSender+<>c__DisplayClass34_0., took 0 ms.
TpTrace Verbose: 0 : 17572, 12, 2026/01/17, 19:58:09.025, 6348674180569, vstest.console.dll, TcpClientExtensions.MessageLoopAsync: Polling on remoteEndPoint: 127.0.0.1:50357 localEndPoint: 127.0.0.1:50356 after 375 ms
TpTrace Verbose: 0 : 17572, 4, 2026/01/17, 19:58:09.024, 6348674177880, vstest.console.dll, MulticastDelegateUtilities.SafeInvoke: InternalTestLoggerEvents.SendTestRunMessage: Invoking callback 1/1 for Microsoft.VisualStudio.TestPlatform.CommandLine.Internal.ConsoleLogger., took 0 ms.
