TpTrace Verbose: 0 : 12148, 1, 2026/01/17, 19:58:08.068, 6348664614419, testhost.dll, Version: 18.0.1 Current process architecture: X64
TpTrace Verbose: 0 : 12148, 1, 2026/01/17, 19:58:08.072, 6348664653233, testhost.dll, Runtime location: C:\Program Files\dotnet\shared\Microsoft.NETCore.App\8.0.11
TpTrace Information: 0 : 12148, 1, 2026/01/17, 19:58:08.076, 6348664688684, testhost.dll, DefaultEngineInvoker.Invoke: Testhost process started with args :[--port, 50356],[--endpoint, 127.0.0.1:050356],[--role, client],[--parentprocessid, 17572],[--diag, C:\Users\TOSHIBA\source\repos\1.QA Wiki\3.PracticeLocators\bin\Debug\net8.0\fine-code-coverage\coverage-tool-output\diagnostics.host.26-01-17_19-58-07_81852_5.log],[--tracelevel, 4],[--datacollectionport, 50355],[--telemetryoptedin, false]
TpTrace Information: 0 : 12148, 1, 2026/01/17, 19:58:08.081, 6348664743788, testhost.dll, Setting up debug trace listener.
TpTrace Verbose: 0 : 12148, 1, 2026/01/17, 19:58:08.081, 6348664745771, testhost.dll, TestPlatformTraceListener.Setup: Replacing listener System.Diagnostics.DefaultTraceListener with TestHostTraceListener.
TpTrace Verbose: 0 : 12148, 1, 2026/01/17, 19:58:08.081, 6348664746933, testhost.dll, TestPlatformTraceListener.Setup: Added test platform trace listener.
TpTrace Information: 0 : 12148, 1, 2026/01/17, 19:58:08.082, 6348664751056, testhost.dll, DefaultEngineInvoker.SetParentProcessExitCallback: Monitoring parent process with id: '17572'
TpTrace Information: 0 : 12148, 1, 2026/01/17, 19:58:08.085, 6348664782459, testhost.dll, DefaultEngineInvoker.GetConnectionInfo: Initialize communication on endpoint address: '127.0.0.1:050356'
TpTrace Information: 0 : 12148, 1, 2026/01/17, 19:58:08.098, 6348664915948, testhost.dll, SocketClient.Start: connecting to server endpoint: 127.0.0.1:050356
TpTrace Information: 0 : 12148, 9, 2026/01/17, 19:58:08.107, 6348665003666, testhost.dll, SocketClient.OnServerConnected: connected to server endpoint: 127.0.0.1:050356
TpTrace Verbose: 0 : 12148, 9, 2026/01/17, 19:58:08.110, 6348665033580, testhost.dll, MulticastDelegateUtilities.SafeInvoke: SocketClient: ServerConnected: Invoking callback 1/1 for Microsoft.VisualStudio.TestPlatform.CommunicationUtilities.TestRequestHandler., took 0 ms.
TpTrace Verbose: 0 : 12148, 9, 2026/01/17, 19:58:08.110, 6348665034591, testhost.dll, Connected to server, and starting MessageLoopAsync
TpTrace Information: 0 : 12148, 1, 2026/01/17, 19:58:08.110, 6348665035802, testhost.dll, DefaultEngineInvoker.ConnectToDatacollector: Connecting to datacollector, port: 50355
TpTrace Information: 0 : 12148, 1, 2026/01/17, 19:58:08.112, 6348665056736, testhost.dll, Trying to connect to server on socket : 127.0.0.1:50355 
TpTrace Verbose: 0 : 12148, 1, 2026/01/17, 19:58:08.113, 6348665062716, testhost.dll, SocketCommunicationManager : SetupClientAsync : Attempting to connect to the server.
TpTrace Information: 0 : 12148, 9, 2026/01/17, 19:58:08.116, 6348665097312, testhost.dll, Connected to the server successfully 
TpTrace Information: 0 : 12148, 9, 2026/01/17, 19:58:08.117, 6348665098915, testhost.dll, Using the buffer size of 16384 bytes
TpTrace Verbose: 0 : 12148, 1, 2026/01/17, 19:58:08.117, 6348665099825, testhost.dll, SocketCommunicationManager.WaitForServerConnection took: 0 ms, with 90000 ms timeout, and finished with True.
TpTrace Information: 0 : 12148, 1, 2026/01/17, 19:58:08.117, 6348665101350, testhost.dll, DefaultEngineInvoker.Invoke: Start Request Processing.
TpTrace Information: 0 : 12148, 11, 2026/01/17, 19:58:08.118, 6348665112613, testhost.dll, DefaultEngineInvoker.StartProcessingAsync: Connected to vstest.console, Starting process requests.
TpTrace Verbose: 0 : 12148, 10, 2026/01/17, 19:58:08.122, 6348665150412, testhost.dll, TcpClientExtensions.MessageLoopAsync: Polling on remoteEndPoint: [::ffff:127.0.0.1]:50356 localEndPoint: [::ffff:127.0.0.1]:50357 after 0 ms
TpTrace Verbose: 0 : 12148, 10, 2026/01/17, 19:58:08.122, 6348665151966, testhost.dll, TcpClientExtensions.MessageLoopAsync: NotifyDataAvailable remoteEndPoint: [::ffff:127.0.0.1]:50356 localEndPoint: [::ffff:127.0.0.1]:50357
TpTrace Information: 0 : 12148, 10, 2026/01/17, 19:58:08.127, 6348665205550, testhost.dll, TestRequestHandler.OnMessageReceived: received message: (ProtocolVersion) -> {"MessageType":"ProtocolVersion","Payload":7}
TpTrace Verbose: 0 : 12148, 10, 2026/01/17, 19:58:08.259, 6348666528108, testhost.dll, TestRequestHandler.SendData: sending data from testhost: {"Version":7,"MessageType":"TestSession.Message","Payload":{"MessageLevel":0,"Message":"Logging TestHost Diagnostics in file: C:\\Users\\TOSHIBA\\source\\repos\\1.QA Wiki\\3.PracticeLocators\\bin\\Debug\\net8.0\\fine-code-coverage\\coverage-tool-output\\diagnostics.host.26-01-17_19-58-07_81852_5.log"}}
TpTrace Verbose: 0 : 12148, 10, 2026/01/17, 19:58:08.260, 6348666530682, testhost.dll, MulticastDelegateUtilities.SafeInvoke: LengthPrefixCommunicationChannel: MessageReceived: Invoking callback 1/1 for Microsoft.VisualStudio.TestPlatform.CommunicationUtilities.TestRequestHandler., took 137 ms.
TpTrace Verbose: 0 : 12148, 10, 2026/01/17, 19:58:08.260, 6348666533088, testhost.dll, TcpClientExtensions.MessageLoopAsync: Polling on remoteEndPoint: [::ffff:127.0.0.1]:50356 localEndPoint: [::ffff:127.0.0.1]:50357 after 138 ms
TpTrace Verbose: 0 : 12148, 10, 2026/01/17, 19:58:08.260, 6348666534129, testhost.dll, TcpClientExtensions.MessageLoopAsync: NotifyDataAvailable remoteEndPoint: [::ffff:127.0.0.1]:50356 localEndPoint: [::ffff:127.0.0.1]:50357
TpTrace Information: 0 : 12148, 10, 2026/01/17, 19:58:08.261, 6348666540574, testhost.dll, TestRequestHandler.OnMessageReceived: received message: (TestExecution.Initialize) -> {"Version":7,"MessageType":"TestExecution.Initialize","Payload":["C:\\Users\\TOSHIBA\\source\\repos\\1.QA Wiki\\3.PracticeLocators\\bin\\Debug\\net8.0\\fine-code-coverage\\build-output\\NUnit3.TestAdapter.dll"]}
TpTrace Verbose: 0 : 12148, 10, 2026/01/17, 19:58:08.273, 6348666664799, testhost.dll, MulticastDelegateUtilities.SafeInvoke: LengthPrefixCommunicationChannel: MessageReceived: Invoking callback 1/1 for Microsoft.VisualStudio.TestPlatform.CommunicationUtilities.TestRequestHandler., took 12 ms.
TpTrace Verbose: 0 : 12148, 10, 2026/01/17, 19:58:08.273, 6348666666417, testhost.dll, TcpClientExtensions.MessageLoopAsync: Polling on remoteEndPoint: [::ffff:127.0.0.1]:50356 localEndPoint: [::ffff:127.0.0.1]:50357 after 13 ms
TpTrace Verbose: 0 : 12148, 10, 2026/01/17, 19:58:08.274, 6348666670901, testhost.dll, TcpClientExtensions.MessageLoopAsync: NotifyDataAvailable remoteEndPoint: [::ffff:127.0.0.1]:50356 localEndPoint: [::ffff:127.0.0.1]:50357
TpTrace Information: 0 : 12148, 4, 2026/01/17, 19:58:08.274, 6348666671766, testhost.dll, TestRequestHandler.OnMessageReceived: Running job 'TestExecution.Initialize'.
TpTrace Information: 0 : 12148, 10, 2026/01/17, 19:58:08.274, 6348666673077, testhost.dll, TestRequestHandler.OnMessageReceived: received message: (TestExecution.StartWithSources) -> {"Version":7,"MessageType":"TestExecution.StartWithSources","Payload":{"AdapterSourceMap":{"_none_":["C:\\Users\\TOSHIBA\\source\\repos\\1.QA Wiki\\3.PracticeLocators\\bin\\Debug\\net8.0\\fine-code-coverage\\build-output\\3.PracticeLocators.dll"]},"RunSettings":"<RunSettings>\r\n  <RunConfiguration>\r\n    <ResultsDirectory>C:\\Users\\TOSHIBA\\source\\repos\\1.QA Wiki\\3.PracticeLocators\\bin\\Debug\\net8.0\\fine-code-coverage\\coverage-tool-output</ResultsDirectory>\r\n    <TargetFrameworkVersion>.NETCoreApp,Version=v8.0</TargetFrameworkVersion>\r\n    <DesignMode>False</DesignMode>\r\n    <CollectSourceInformation>False</CollectSourceInformation>\r\n  </RunConfiguration>\r\n  <LoggerRunSettings>\r\n    <Loggers>\r\n      <Logger friendlyName=\"blame\" enabled=\"True\" />\r\n      <Logger friendlyName=\"Console\" uri=\"logger://microsoft/TestPlatform/ConsoleLogger/v1\" assemblyQualifiedName=\"Microsoft.VisualStudio.TestPlatform.CommandLine.Internal.ConsoleLogger, vstest.console, Version=15.0.0.0, Culture=neutral, PublicKeyToken=b03f5f7f11d50a3a\" codeBase=\"C:\\Program Files\\dotnet\\sdk\\9.0.100\\vstest.console.dll\" enabled=\"True\" />\r\n    </Loggers>\r\n  </LoggerRunSettings>\r\n  <DataCollectionRunSettings>\r\n    <DataCollectors>\r\n      <DataCollector friendlyName=\"blame\" enabled=\"True\">\r\n        <Configuration>\r\n          <ResultsDirectory>C:\\Users\\TOSHIBA\\source\\repos\\1.QA Wiki\\3.PracticeLocators\\bin\\Debug\\net8.0\\fine-code-coverage\\coverage-tool-output</ResultsDirectory>\r\n        </Configuration>\r\n      </DataCollector>\r\n    </DataCollectors>\r\n  </DataCollectionRunSettings>\r\n</RunSettings>","TestExecutionContext":{"FrequencyOfRunStatsChangeEvent":10,"RunStatsChangeEventTimeout":"00:00:01.5000000","InIsolation":false,"KeepAlive":false,"AreTestCaseLevelEventsRequired":false,"IsDebug":false,"TestCaseFilter":null,"FilterOptions":null},"Package":null}}
TpTrace Verbose: 0 : 12148, 4, 2026/01/17, 19:58:08.277, 6348666706443, testhost.dll, TestExecutorService: Loading the extensions
TpTrace Verbose: 0 : 12148, 4, 2026/01/17, 19:58:08.279, 6348666725682, testhost.dll, TestPluginCache.DiscoverTestExtensions: finding test extensions in assemblies ends with: TestAdapter.dll TPluginInfo: Microsoft.VisualStudio.TestPlatform.Common.ExtensionFramework.Utilities.TestExecutorPluginInformation TExtension: Microsoft.VisualStudio.TestPlatform.ObjectModel.Adapter.ITestExecutor
TpTrace Verbose: 0 : 12148, 4, 2026/01/17, 19:58:08.281, 6348666746581, testhost.dll, TestPluginCache.GetExtensionPaths: Filtered extension paths: 
TpTrace Verbose: 0 : 12148, 4, 2026/01/17, 19:58:08.282, 6348666752124, testhost.dll, TestPluginCache.GetExtensionPaths: Added default extension paths: C:\Users\TOSHIBA\source\repos\1.QA Wiki\3.PracticeLocators\bin\Debug\net8.0\fine-code-coverage\build-output\NUnit3.TestAdapter.dll
TpTrace Verbose: 0 : 12148, 4, 2026/01/17, 19:58:08.282, 6348666752899, testhost.dll, TestPluginCache.GetExtensionPaths: Added unfilterableExtensionPaths: 
TpTrace Information: 0 : 12148, 4, 2026/01/17, 19:58:08.284, 6348666771524, testhost.dll, AssemblyResolver.ctor: Creating AssemblyResolver with searchDirectories C:\Users\TOSHIBA\source\repos\1.QA Wiki\3.PracticeLocators\bin\Debug\net8.0\fine-code-coverage\build-output
TpTrace Verbose: 0 : 12148, 4, 2026/01/17, 19:58:08.285, 6348666782941, testhost.dll, TestPluginCache.DiscoverTestExtensions: Discovering the extensions using extension path.
TpTrace Verbose: 0 : 12148, 4, 2026/01/17, 19:58:08.285, 6348666784720, testhost.dll, TestPluginCache.GetExtensionPaths: Filtered extension paths: 
TpTrace Verbose: 0 : 12148, 4, 2026/01/17, 19:58:08.285, 6348666785186, testhost.dll, TestPluginCache.GetExtensionPaths: Added default extension paths: C:\Users\TOSHIBA\source\repos\1.QA Wiki\3.PracticeLocators\bin\Debug\net8.0\fine-code-coverage\build-output\NUnit3.TestAdapter.dll
TpTrace Verbose: 0 : 12148, 4, 2026/01/17, 19:58:08.285, 6348666785718, testhost.dll, TestPluginCache.GetExtensionPaths: Added unfilterableExtensionPaths: 
TpTrace Verbose: 0 : 12148, 4, 2026/01/17, 19:58:08.285, 6348666786481, testhost.dll, TestPluginCache.DiscoverTestExtensions: Discovering the extensions using allExtensionPaths: C:\Users\TOSHIBA\source\repos\1.QA Wiki\3.PracticeLocators\bin\Debug\net8.0\fine-code-coverage\build-output\NUnit3.TestAdapter.dll
TpTrace Information: 0 : 12148, 4, 2026/01/17, 19:58:08.286, 6348666797116, testhost.dll, AssemblyResolver.AddSearchDirectories: Adding more searchDirectories C:\Users\TOSHIBA\source\repos\1.QA Wiki\3.PracticeLocators\bin\Debug\net8.0\fine-code-coverage\build-output
TpTrace Information: 0 : 12148, 4, 2026/01/17, 19:58:08.289, 6348666822476, testhost.dll, AssemblyResolver.OnResolve: NUnit3.TestAdapter: Resolving assembly.
TpTrace Information: 0 : 12148, 4, 2026/01/17, 19:58:08.289, 6348666823827, testhost.dll, AssemblyResolver.OnResolve: NUnit3.TestAdapter: Searching in: 'C:\Users\TOSHIBA\source\repos\1.QA Wiki\3.PracticeLocators\bin\Debug\net8.0\fine-code-coverage\build-output'.
TpTrace Information: 0 : 12148, 4, 2026/01/17, 19:58:08.298, 6348666917012, testhost.dll, AssemblyResolver.OnResolve: NUnit3.TestAdapter: Loading assembly 'C:\Users\TOSHIBA\source\repos\1.QA Wiki\3.PracticeLocators\bin\Debug\net8.0\fine-code-coverage\build-output\NUnit3.TestAdapter.dll'.
TpTrace Information: 0 : 12148, 4, 2026/01/17, 19:58:08.299, 6348666923801, testhost.dll, AssemblyResolver.OnResolve: Resolved assembly: NUnit3.TestAdapter, from path: C:\Users\TOSHIBA\source\repos\1.QA Wiki\3.PracticeLocators\bin\Debug\net8.0\fine-code-coverage\build-output\NUnit3.TestAdapter.dll
TpTrace Verbose: 0 : 12148, 10, 2026/01/17, 19:58:08.303, 6348666960182, testhost.dll, MulticastDelegateUtilities.SafeInvoke: LengthPrefixCommunicationChannel: MessageReceived: Invoking callback 1/1 for Microsoft.VisualStudio.TestPlatform.CommunicationUtilities.TestRequestHandler., took 28 ms.
TpTrace Verbose: 0 : 12148, 10, 2026/01/17, 19:58:08.303, 6348666961528, testhost.dll, TcpClientExtensions.MessageLoopAsync: Polling on remoteEndPoint: [::ffff:127.0.0.1]:50356 localEndPoint: [::ffff:127.0.0.1]:50357 after 29 ms
TpTrace Verbose: 0 : 12148, 4, 2026/01/17, 19:58:08.320, 6348667129691, testhost.dll, MetadataReaderExtensionsHelper: Discovering extensions inside assembly 'NUnit3.TestAdapter, Version=6.1.0.0, Culture=neutral, PublicKeyToken=4cb40d35494691ac' file path 'C:\Users\TOSHIBA\source\repos\1.QA Wiki\3.PracticeLocators\bin\Debug\net8.0\fine-code-coverage\build-output\NUnit3.TestAdapter.dll'
TpTrace Information: 0 : 12148, 4, 2026/01/17, 19:58:08.322, 6348667154137, testhost.dll, AssemblyResolver.OnResolve: nunit.engine.api: Resolving assembly.
TpTrace Information: 0 : 12148, 4, 2026/01/17, 19:58:08.322, 6348667155233, testhost.dll, AssemblyResolver.OnResolve: nunit.engine.api: Searching in: 'C:\Users\TOSHIBA\source\repos\1.QA Wiki\3.PracticeLocators\bin\Debug\net8.0\fine-code-coverage\build-output'.
TpTrace Information: 0 : 12148, 4, 2026/01/17, 19:58:08.322, 6348667158538, testhost.dll, AssemblyResolver.OnResolve: nunit.engine.api: Loading assembly 'C:\Users\TOSHIBA\source\repos\1.QA Wiki\3.PracticeLocators\bin\Debug\net8.0\fine-code-coverage\build-output\nunit.engine.api.dll'.
TpTrace Information: 0 : 12148, 4, 2026/01/17, 19:58:08.323, 6348667162029, testhost.dll, AssemblyResolver.OnResolve: Resolved assembly: nunit.engine.api, from path: C:\Users\TOSHIBA\source\repos\1.QA Wiki\3.PracticeLocators\bin\Debug\net8.0\fine-code-coverage\build-output\nunit.engine.api.dll
TpTrace Information: 0 : 12148, 4, 2026/01/17, 19:58:08.328, 6348667217583, testhost.dll, GetTestExtensionFromType: Register extension with identifier data 'executor://NUnit3TestExecutor' and type 'NUnit.VisualStudio.TestAdapter.NUnit3TestExecutor, NUnit3.TestAdapter, Version=6.1.0.0, Culture=neutral, PublicKeyToken=4cb40d35494691ac' inside file 'C:\Users\TOSHIBA\source\repos\1.QA Wiki\3.PracticeLocators\bin\Debug\net8.0\fine-code-coverage\build-output\NUnit3.TestAdapter.dll'
TpTrace Verbose: 0 : 12148, 4, 2026/01/17, 19:58:08.330, 6348667236714, testhost.dll, TestPluginCache: Discovered the extensions using extension path ''.
TpTrace Verbose: 0 : 12148, 4, 2026/01/17, 19:58:08.331, 6348667242144, testhost.dll, TestPluginCache: Discoverers are ''.
TpTrace Verbose: 0 : 12148, 4, 2026/01/17, 19:58:08.331, 6348667243008, testhost.dll, TestPluginCache: Executors are 'executor://NUnit3TestExecutor'.
TpTrace Verbose: 0 : 12148, 4, 2026/01/17, 19:58:08.331, 6348667243765, testhost.dll, TestPluginCache: Executors2 are ''.
TpTrace Verbose: 0 : 12148, 4, 2026/01/17, 19:58:08.331, 6348667244479, testhost.dll, TestPluginCache: Setting providers are ''.
TpTrace Verbose: 0 : 12148, 4, 2026/01/17, 19:58:08.331, 6348667245175, testhost.dll, TestPluginCache: Loggers are ''.
TpTrace Verbose: 0 : 12148, 4, 2026/01/17, 19:58:08.331, 6348667245850, testhost.dll, TestPluginCache: TestHosts are ''.
TpTrace Verbose: 0 : 12148, 4, 2026/01/17, 19:58:08.331, 6348667246514, testhost.dll, TestPluginCache: DataCollectors are ''.
TpTrace Verbose: 0 : 12148, 4, 2026/01/17, 19:58:08.333, 6348667266746, testhost.dll, TestPluginCache.DiscoverTestExtensions: finding test extensions in assemblies ends with: TestAdapter.dll TPluginInfo: Microsoft.VisualStudio.TestPlatform.Common.ExtensionFramework.Utilities.TestExecutorPluginInformation2 TExtension: Microsoft.VisualStudio.TestPlatform.ObjectModel.Adapter.ITestExecutor2
TpTrace Verbose: 0 : 12148, 4, 2026/01/17, 19:58:08.334, 6348667273006, testhost.dll, TestPluginCache.GetExtensionPaths: Filtered extension paths: 
TpTrace Verbose: 0 : 12148, 4, 2026/01/17, 19:58:08.334, 6348667275432, testhost.dll, TestPluginCache.GetExtensionPaths: Added default extension paths: C:\Users\TOSHIBA\source\repos\1.QA Wiki\3.PracticeLocators\bin\Debug\net8.0\fine-code-coverage\build-output\NUnit3.TestAdapter.dll
TpTrace Verbose: 0 : 12148, 4, 2026/01/17, 19:58:08.334, 6348667276766, testhost.dll, TestPluginCache.GetExtensionPaths: Added unfilterableExtensionPaths: 
TpTrace Information: 0 : 12148, 4, 2026/01/17, 19:58:08.335, 6348667279567, testhost.dll, AssemblyResolver.AddSearchDirectories: Adding more searchDirectories C:\Users\TOSHIBA\source\repos\1.QA Wiki\3.PracticeLocators\bin\Debug\net8.0\fine-code-coverage\build-output
TpTrace Verbose: 0 : 12148, 4, 2026/01/17, 19:58:08.344, 6348667370702, testhost.dll, TestPluginCache.DiscoverTestExtensions: Discovering the extensions using extension path.
TpTrace Verbose: 0 : 12148, 4, 2026/01/17, 19:58:08.344, 6348667371314, testhost.dll, TestPluginCache.GetExtensionPaths: Filtered extension paths: 
TpTrace Verbose: 0 : 12148, 4, 2026/01/17, 19:58:08.344, 6348667371677, testhost.dll, TestPluginCache.GetExtensionPaths: Added default extension paths: C:\Users\TOSHIBA\source\repos\1.QA Wiki\3.PracticeLocators\bin\Debug\net8.0\fine-code-coverage\build-output\NUnit3.TestAdapter.dll
TpTrace Verbose: 0 : 12148, 4, 2026/01/17, 19:58:08.344, 6348667372018, testhost.dll, TestPluginCache.GetExtensionPaths: Added unfilterableExtensionPaths: 
TpTrace Verbose: 0 : 12148, 4, 2026/01/17, 19:58:08.344, 6348667372390, testhost.dll, TestPluginCache.DiscoverTestExtensions: Discovering the extensions using allExtensionPaths: C:\Users\TOSHIBA\source\repos\1.QA Wiki\3.PracticeLocators\bin\Debug\net8.0\fine-code-coverage\build-output\NUnit3.TestAdapter.dll
TpTrace Information: 0 : 12148, 4, 2026/01/17, 19:58:08.344, 6348667373029, testhost.dll, AssemblyResolver.AddSearchDirectories: Adding more searchDirectories C:\Users\TOSHIBA\source\repos\1.QA Wiki\3.PracticeLocators\bin\Debug\net8.0\fine-code-coverage\build-output
TpTrace Verbose: 0 : 12148, 4, 2026/01/17, 19:58:08.344, 6348667373786, testhost.dll, MetadataReaderExtensionsHelper: Discovering extensions inside assembly 'NUnit3.TestAdapter, Version=6.1.0.0, Culture=neutral, PublicKeyToken=4cb40d35494691ac' file path 'C:\Users\TOSHIBA\source\repos\1.QA Wiki\3.PracticeLocators\bin\Debug\net8.0\fine-code-coverage\build-output\NUnit3.TestAdapter.dll'
TpTrace Verbose: 0 : 12148, 4, 2026/01/17, 19:58:08.345, 6348667380733, testhost.dll, TestPluginCache: Discovered the extensions using extension path ''.
TpTrace Verbose: 0 : 12148, 4, 2026/01/17, 19:58:08.345, 6348667381336, testhost.dll, TestPluginCache: Discoverers are ''.
TpTrace Verbose: 0 : 12148, 4, 2026/01/17, 19:58:08.345, 6348667381862, testhost.dll, TestPluginCache: Executors are 'executor://NUnit3TestExecutor'.
TpTrace Verbose: 0 : 12148, 4, 2026/01/17, 19:58:08.345, 6348667382577, testhost.dll, TestPluginCache: Executors2 are ''.
TpTrace Verbose: 0 : 12148, 4, 2026/01/17, 19:58:08.345, 6348667382955, testhost.dll, TestPluginCache: Setting providers are ''.
TpTrace Verbose: 0 : 12148, 4, 2026/01/17, 19:58:08.345, 6348667383280, testhost.dll, TestPluginCache: Loggers are ''.
TpTrace Verbose: 0 : 12148, 4, 2026/01/17, 19:58:08.345, 6348667383586, testhost.dll, TestPluginCache: TestHosts are ''.
TpTrace Verbose: 0 : 12148, 4, 2026/01/17, 19:58:08.345, 6348667383882, testhost.dll, TestPluginCache: DataCollectors are ''.
TpTrace Information: 0 : 12148, 4, 2026/01/17, 19:58:08.352, 6348667458033, testhost.dll, TestPluginManager.CreateTestExtension: Attempting to load test extension: NUnit.VisualStudio.TestAdapter.NUnit3TestExecutor
TpTrace Verbose: 0 : 12148, 4, 2026/01/17, 19:58:08.354, 6348667471871, testhost.dll, TestExecutorExtensionManager: Loading executor Microsoft.VisualStudio.TestPlatform.Common.ExtensionDecorators.SerialTestRunDecorator
TpTrace Verbose: 0 : 12148, 4, 2026/01/17, 19:58:08.354, 6348667472589, testhost.dll, TestExecutorService: Loaded the executors
TpTrace Verbose: 0 : 12148, 4, 2026/01/17, 19:58:08.354, 6348667478465, testhost.dll, TestPluginCache.DiscoverTestExtensions: finding test extensions in assemblies ends with: TestAdapter.dll TPluginInfo: Microsoft.VisualStudio.TestPlatform.Common.ExtensionFramework.Utilities.TestSettingsProviderPluginInformation TExtension: Microsoft.VisualStudio.TestPlatform.ObjectModel.Adapter.ISettingsProvider
TpTrace Verbose: 0 : 12148, 4, 2026/01/17, 19:58:08.355, 6348667479668, testhost.dll, TestPluginCache.GetExtensionPaths: Filtered extension paths: 
TpTrace Verbose: 0 : 12148, 4, 2026/01/17, 19:58:08.355, 6348667480145, testhost.dll, TestPluginCache.GetExtensionPaths: Added default extension paths: C:\Users\TOSHIBA\source\repos\1.QA Wiki\3.PracticeLocators\bin\Debug\net8.0\fine-code-coverage\build-output\NUnit3.TestAdapter.dll
TpTrace Verbose: 0 : 12148, 4, 2026/01/17, 19:58:08.355, 6348667480494, testhost.dll, TestPluginCache.GetExtensionPaths: Added unfilterableExtensionPaths: 
TpTrace Information: 0 : 12148, 4, 2026/01/17, 19:58:08.355, 6348667481955, testhost.dll, AssemblyResolver.AddSearchDirectories: Adding more searchDirectories C:\Users\TOSHIBA\source\repos\1.QA Wiki\3.PracticeLocators\bin\Debug\net8.0\fine-code-coverage\build-output
TpTrace Verbose: 0 : 12148, 4, 2026/01/17, 19:58:08.355, 6348667482437, testhost.dll, TestPluginCache.DiscoverTestExtensions: Discovering the extensions using extension path.
TpTrace Verbose: 0 : 12148, 4, 2026/01/17, 19:58:08.355, 6348667482795, testhost.dll, TestPluginCache.GetExtensionPaths: Filtered extension paths: 
TpTrace Verbose: 0 : 12148, 4, 2026/01/17, 19:58:08.355, 6348667483108, testhost.dll, TestPluginCache.GetExtensionPaths: Added default extension paths: C:\Users\TOSHIBA\source\repos\1.QA Wiki\3.PracticeLocators\bin\Debug\net8.0\fine-code-coverage\build-output\NUnit3.TestAdapter.dll
TpTrace Verbose: 0 : 12148, 4, 2026/01/17, 19:58:08.355, 6348667483422, testhost.dll, TestPluginCache.GetExtensionPaths: Added unfilterableExtensionPaths: 
TpTrace Verbose: 0 : 12148, 4, 2026/01/17, 19:58:08.355, 6348667483747, testhost.dll, TestPluginCache.DiscoverTestExtensions: Discovering the extensions using allExtensionPaths: C:\Users\TOSHIBA\source\repos\1.QA Wiki\3.PracticeLocators\bin\Debug\net8.0\fine-code-coverage\build-output\NUnit3.TestAdapter.dll
TpTrace Information: 0 : 12148, 4, 2026/01/17, 19:58:08.355, 6348667484219, testhost.dll, AssemblyResolver.AddSearchDirectories: Adding more searchDirectories C:\Users\TOSHIBA\source\repos\1.QA Wiki\3.PracticeLocators\bin\Debug\net8.0\fine-code-coverage\build-output
TpTrace Verbose: 0 : 12148, 4, 2026/01/17, 19:58:08.355, 6348667484965, testhost.dll, MetadataReaderExtensionsHelper: Discovering extensions inside assembly 'NUnit3.TestAdapter, Version=6.1.0.0, Culture=neutral, PublicKeyToken=4cb40d35494691ac' file path 'C:\Users\TOSHIBA\source\repos\1.QA Wiki\3.PracticeLocators\bin\Debug\net8.0\fine-code-coverage\build-output\NUnit3.TestAdapter.dll'
TpTrace Verbose: 0 : 12148, 4, 2026/01/17, 19:58:08.356, 6348667493127, testhost.dll, TestPluginCache: Discovered the extensions using extension path ''.
TpTrace Verbose: 0 : 12148, 4, 2026/01/17, 19:58:08.356, 6348667493774, testhost.dll, TestPluginCache: Discoverers are ''.
TpTrace Verbose: 0 : 12148, 4, 2026/01/17, 19:58:08.356, 6348667494146, testhost.dll, TestPluginCache: Executors are 'executor://NUnit3TestExecutor'.
TpTrace Verbose: 0 : 12148, 4, 2026/01/17, 19:58:08.356, 6348667494500, testhost.dll, TestPluginCache: Executors2 are ''.
TpTrace Verbose: 0 : 12148, 4, 2026/01/17, 19:58:08.356, 6348667494966, testhost.dll, TestPluginCache: Setting providers are ''.
TpTrace Verbose: 0 : 12148, 4, 2026/01/17, 19:58:08.356, 6348667495300, testhost.dll, TestPluginCache: Loggers are ''.
TpTrace Verbose: 0 : 12148, 4, 2026/01/17, 19:58:08.356, 6348667495597, testhost.dll, TestPluginCache: TestHosts are ''.
TpTrace Verbose: 0 : 12148, 4, 2026/01/17, 19:58:08.356, 6348667495946, testhost.dll, TestPluginCache: DataCollectors are ''.
TpTrace Verbose: 0 : 12148, 4, 2026/01/17, 19:58:08.357, 6348667505887, testhost.dll, TestExecutorService: Loaded the settings providers
TpTrace Information: 0 : 12148, 4, 2026/01/17, 19:58:08.357, 6348667507058, testhost.dll, TestExecutorService: Loaded the extensions
TpTrace Information: 0 : 12148, 4, 2026/01/17, 19:58:08.358, 6348667517340, testhost.dll, TestRequestHandler.OnMessageReceived: Running job 'TestExecution.StartWithSources'.
TpTrace Verbose: 0 : 12148, 4, 2026/01/17, 19:58:08.450, 6348668438590, testhost.dll, MulticastDelegateUtilities.SafeInvoke: TestCaseEventsHandler.RaiseSessionStart: Invoking callbacks was skipped because there are no subscribers.
TpTrace Information: 0 : 12148, 4, 2026/01/17, 19:58:08.453, 6348668467087, testhost.dll, TestDiscoveryManager: Discovering tests from sources C:\Users\TOSHIBA\source\repos\1.QA Wiki\3.PracticeLocators\bin\Debug\net8.0\fine-code-coverage\build-output\3.PracticeLocators.dll
TpTrace Verbose: 0 : 12148, 4, 2026/01/17, 19:58:08.456, 6348668493193, testhost.dll, TestPluginCache.DiscoverTestExtensions: finding test extensions in assemblies ends with: TestAdapter.dll TPluginInfo: Microsoft.VisualStudio.TestPlatform.Common.ExtensionFramework.Utilities.TestDiscovererPluginInformation TExtension: Microsoft.VisualStudio.TestPlatform.ObjectModel.Adapter.ITestDiscoverer
TpTrace Verbose: 0 : 12148, 4, 2026/01/17, 19:58:08.456, 6348668495850, testhost.dll, TestPluginCache.GetExtensionPaths: Filtered extension paths: 
TpTrace Verbose: 0 : 12148, 4, 2026/01/17, 19:58:08.456, 6348668496816, testhost.dll, TestPluginCache.GetExtensionPaths: Added default extension paths: C:\Users\TOSHIBA\source\repos\1.QA Wiki\3.PracticeLocators\bin\Debug\net8.0\fine-code-coverage\build-output\NUnit3.TestAdapter.dll
TpTrace Verbose: 0 : 12148, 4, 2026/01/17, 19:58:08.456, 6348668497528, testhost.dll, TestPluginCache.GetExtensionPaths: Added unfilterableExtensionPaths: 
TpTrace Information: 0 : 12148, 4, 2026/01/17, 19:58:08.457, 6348668499744, testhost.dll, AssemblyResolver.AddSearchDirectories: Adding more searchDirectories C:\Users\TOSHIBA\source\repos\1.QA Wiki\3.PracticeLocators\bin\Debug\net8.0\fine-code-coverage\build-output
TpTrace Verbose: 0 : 12148, 4, 2026/01/17, 19:58:08.457, 6348668500561, testhost.dll, TestPluginCache.DiscoverTestExtensions: Discovering the extensions using extension path.
TpTrace Verbose: 0 : 12148, 4, 2026/01/17, 19:58:08.457, 6348668501172, testhost.dll, TestPluginCache.GetExtensionPaths: Filtered extension paths: 
TpTrace Verbose: 0 : 12148, 4, 2026/01/17, 19:58:08.457, 6348668501679, testhost.dll, TestPluginCache.GetExtensionPaths: Added default extension paths: C:\Users\TOSHIBA\source\repos\1.QA Wiki\3.PracticeLocators\bin\Debug\net8.0\fine-code-coverage\build-output\NUnit3.TestAdapter.dll
TpTrace Verbose: 0 : 12148, 4, 2026/01/17, 19:58:08.457, 6348668502205, testhost.dll, TestPluginCache.GetExtensionPaths: Added unfilterableExtensionPaths: 
TpTrace Verbose: 0 : 12148, 4, 2026/01/17, 19:58:08.457, 6348668502782, testhost.dll, TestPluginCache.DiscoverTestExtensions: Discovering the extensions using allExtensionPaths: C:\Users\TOSHIBA\source\repos\1.QA Wiki\3.PracticeLocators\bin\Debug\net8.0\fine-code-coverage\build-output\NUnit3.TestAdapter.dll
TpTrace Information: 0 : 12148, 4, 2026/01/17, 19:58:08.457, 6348668503638, testhost.dll, AssemblyResolver.AddSearchDirectories: Adding more searchDirectories C:\Users\TOSHIBA\source\repos\1.QA Wiki\3.PracticeLocators\bin\Debug\net8.0\fine-code-coverage\build-output
TpTrace Verbose: 0 : 12148, 4, 2026/01/17, 19:58:08.457, 6348668505118, testhost.dll, MetadataReaderExtensionsHelper: Discovering extensions inside assembly 'NUnit3.TestAdapter, Version=6.1.0.0, Culture=neutral, PublicKeyToken=4cb40d35494691ac' file path 'C:\Users\TOSHIBA\source\repos\1.QA Wiki\3.PracticeLocators\bin\Debug\net8.0\fine-code-coverage\build-output\NUnit3.TestAdapter.dll'
TpTrace Information: 0 : 12148, 4, 2026/01/17, 19:58:08.479, 6348668728051, testhost.dll, GetTestExtensionFromType: Register extension with identifier data 'NUnit.VisualStudio.TestAdapter.NUnit3TestDiscoverer, NUnit3.TestAdapter, Version=6.1.0.0, Culture=neutral, PublicKeyToken=4cb40d35494691ac' and type 'NUnit.VisualStudio.TestAdapter.NUnit3TestDiscoverer, NUnit3.TestAdapter, Version=6.1.0.0, Culture=neutral, PublicKeyToken=4cb40d35494691ac' inside file 'C:\Users\TOSHIBA\source\repos\1.QA Wiki\3.PracticeLocators\bin\Debug\net8.0\fine-code-coverage\build-output\NUnit3.TestAdapter.dll'
TpTrace Verbose: 0 : 12148, 4, 2026/01/17, 19:58:08.480, 6348668731830, testhost.dll, TestPluginCache: Discovered the extensions using extension path ''.
TpTrace Verbose: 0 : 12148, 4, 2026/01/17, 19:58:08.480, 6348668734528, testhost.dll, TestPluginCache: Discoverers are 'NUnit.VisualStudio.TestAdapter.NUnit3TestDiscoverer, NUnit3.TestAdapter, Version=6.1.0.0, Culture=neutral, PublicKeyToken=4cb40d35494691ac'.
TpTrace Verbose: 0 : 12148, 4, 2026/01/17, 19:58:08.481, 6348668739259, testhost.dll, TestPluginCache: Executors are 'executor://NUnit3TestExecutor'.
TpTrace Verbose: 0 : 12148, 4, 2026/01/17, 19:58:08.481, 6348668739953, testhost.dll, TestPluginCache: Executors2 are ''.
TpTrace Verbose: 0 : 12148, 4, 2026/01/17, 19:58:08.481, 6348668740488, testhost.dll, TestPluginCache: Setting providers are ''.
TpTrace Verbose: 0 : 12148, 4, 2026/01/17, 19:58:08.481, 6348668741014, testhost.dll, TestPluginCache: Loggers are ''.
TpTrace Verbose: 0 : 12148, 4, 2026/01/17, 19:58:08.481, 6348668741558, testhost.dll, TestPluginCache: TestHosts are ''.
TpTrace Verbose: 0 : 12148, 4, 2026/01/17, 19:58:08.481, 6348668742027, testhost.dll, TestPluginCache: DataCollectors are ''.
TpTrace Information: 0 : 12148, 4, 2026/01/17, 19:58:08.486, 6348668797406, testhost.dll, PEReaderHelper.GetAssemblyType: Determined assemblyType:'Managed' for source: 'C:\Users\TOSHIBA\source\repos\1.QA Wiki\3.PracticeLocators\bin\Debug\net8.0\fine-code-coverage\build-output\3.PracticeLocators.dll'
TpTrace Verbose: 0 : 12148, 4, 2026/01/17, 19:58:08.505, 6348668981513, testhost.dll, BaseRunTests.RunTestInternalWithExecutors: Running tests for executor://NUnit3TestExecutor
TpTrace Information: 0 : 12148, 4, 2026/01/17, 19:58:08.545, 6348669379657, testhost.dll, AssemblyResolver.OnResolve: nunit.engine: Resolving assembly.
TpTrace Information: 0 : 12148, 4, 2026/01/17, 19:58:08.545, 6348669381232, testhost.dll, AssemblyResolver.OnResolve: nunit.engine: Searching in: 'C:\Users\TOSHIBA\source\repos\1.QA Wiki\3.PracticeLocators\bin\Debug\net8.0\fine-code-coverage\build-output'.
TpTrace Information: 0 : 12148, 4, 2026/01/17, 19:58:08.545, 6348669385978, testhost.dll, AssemblyResolver.OnResolve: nunit.engine: Loading assembly 'C:\Users\TOSHIBA\source\repos\1.QA Wiki\3.PracticeLocators\bin\Debug\net8.0\fine-code-coverage\build-output\nunit.engine.dll'.
TpTrace Information: 0 : 12148, 4, 2026/01/17, 19:58:08.546, 6348669391181, testhost.dll, AssemblyResolver.OnResolve: Resolved assembly: nunit.engine, from path: C:\Users\TOSHIBA\source\repos\1.QA Wiki\3.PracticeLocators\bin\Debug\net8.0\fine-code-coverage\build-output\nunit.engine.dll
TpTrace Information: 0 : 12148, 4, 2026/01/17, 19:58:08.546, 6348669392467, testhost.dll, AssemblyResolver.OnResolve: nunit.engine.core: Resolving assembly.
TpTrace Information: 0 : 12148, 4, 2026/01/17, 19:58:08.546, 6348669393356, testhost.dll, AssemblyResolver.OnResolve: nunit.engine.core: Searching in: 'C:\Users\TOSHIBA\source\repos\1.QA Wiki\3.PracticeLocators\bin\Debug\net8.0\fine-code-coverage\build-output'.
TpTrace Information: 0 : 12148, 4, 2026/01/17, 19:58:08.546, 6348669397445, testhost.dll, AssemblyResolver.OnResolve: nunit.engine.core: Loading assembly 'C:\Users\TOSHIBA\source\repos\1.QA Wiki\3.PracticeLocators\bin\Debug\net8.0\fine-code-coverage\build-output\nunit.engine.core.dll'.
TpTrace Information: 0 : 12148, 4, 2026/01/17, 19:58:08.547, 6348669403124, testhost.dll, AssemblyResolver.OnResolve: Resolved assembly: nunit.engine.core, from path: C:\Users\TOSHIBA\source\repos\1.QA Wiki\3.PracticeLocators\bin\Debug\net8.0\fine-code-coverage\build-output\nunit.engine.core.dll
TpTrace Information: 0 : 12148, 4, 2026/01/17, 19:58:08.559, 6348669523988, testhost.dll, NUnit Adapter 6.1.0.0: Test execution started
TpTrace Verbose: 0 : 12148, 4, 2026/01/17, 19:58:08.559, 6348669526705, testhost.dll, TestRequestHandler.SendData: sending data from testhost: {"Version":7,"MessageType":"TestSession.Message","Payload":{"MessageLevel":0,"Message":"NUnit Adapter 6.1.0.0: Test execution started"}}
TpTrace Verbose: 0 : 12148, 4, 2026/01/17, 19:58:08.560, 6348669529298, testhost.dll, MulticastDelegateUtilities.SafeInvoke: TestRunMessageLoggerProxy.SendMessage: Invoking callback 1/1 for Microsoft.VisualStudio.TestPlatform.CrossPlatEngine.Execution.RunTestsWithSources., took 0 ms.
TpTrace Information: 0 : 12148, 4, 2026/01/17, 19:58:08.649, 6348670419271, testhost.dll, Running all tests in C:\Users\TOSHIBA\source\repos\1.QA Wiki\3.PracticeLocators\bin\Debug\net8.0\fine-code-coverage\build-output\3.PracticeLocators.dll
TpTrace Verbose: 0 : 12148, 4, 2026/01/17, 19:58:08.649, 6348670421266, testhost.dll, TestRequestHandler.SendData: sending data from testhost: {"Version":7,"MessageType":"TestSession.Message","Payload":{"MessageLevel":0,"Message":"Running all tests in C:\\Users\\TOSHIBA\\source\\repos\\1.QA Wiki\\3.PracticeLocators\\bin\\Debug\\net8.0\\fine-code-coverage\\build-output\\3.PracticeLocators.dll"}}
TpTrace Verbose: 0 : 12148, 4, 2026/01/17, 19:58:08.650, 6348670431630, testhost.dll, MulticastDelegateUtilities.SafeInvoke: TestRunMessageLoggerProxy.SendMessage: Invoking callback 1/1 for Microsoft.VisualStudio.TestPlatform.CrossPlatEngine.Execution.RunTestsWithSources., took 1 ms.
TpTrace Information: 0 : 12148, 4, 2026/01/17, 19:58:08.719, 6348671126812, testhost.dll, AssemblyResolver.OnResolve: testcentric.engine.metadata: Resolving assembly.
TpTrace Information: 0 : 12148, 4, 2026/01/17, 19:58:08.719, 6348671128430, testhost.dll, AssemblyResolver.OnResolve: testcentric.engine.metadata: Searching in: 'C:\Users\TOSHIBA\source\repos\1.QA Wiki\3.PracticeLocators\bin\Debug\net8.0\fine-code-coverage\build-output'.
TpTrace Information: 0 : 12148, 4, 2026/01/17, 19:58:08.720, 6348671133413, testhost.dll, AssemblyResolver.OnResolve: testcentric.engine.metadata: Loading assembly 'C:\Users\TOSHIBA\source\repos\1.QA Wiki\3.PracticeLocators\bin\Debug\net8.0\fine-code-coverage\build-output\testcentric.engine.metadata.dll'.
TpTrace Information: 0 : 12148, 4, 2026/01/17, 19:58:08.721, 6348671141139, testhost.dll, AssemblyResolver.OnResolve: Resolved assembly: testcentric.engine.metadata, from path: C:\Users\TOSHIBA\source\repos\1.QA Wiki\3.PracticeLocators\bin\Debug\net8.0\fine-code-coverage\build-output\testcentric.engine.metadata.dll
TpTrace Information: 0 : 12148, 4, 2026/01/17, 19:58:08.810, 6348672033378, testhost.dll, AssemblyResolver.OnResolve: Microsoft.Extensions.DependencyModel: Resolving assembly.
TpTrace Information: 0 : 12148, 4, 2026/01/17, 19:58:08.810, 6348672035208, testhost.dll, AssemblyResolver.OnResolve: Microsoft.Extensions.DependencyModel: Searching in: 'C:\Users\TOSHIBA\source\repos\1.QA Wiki\3.PracticeLocators\bin\Debug\net8.0\fine-code-coverage\build-output'.
TpTrace Information: 0 : 12148, 4, 2026/01/17, 19:58:08.811, 6348672043636, testhost.dll, AssemblyResolver.OnResolve: Microsoft.Extensions.DependencyModel: Loading assembly 'C:\Users\TOSHIBA\source\repos\1.QA Wiki\3.PracticeLocators\bin\Debug\net8.0\fine-code-coverage\build-output\Microsoft.Extensions.DependencyModel.dll'.
TpTrace Information: 0 : 12148, 4, 2026/01/17, 19:58:08.812, 6348672050714, testhost.dll, AssemblyResolver.OnResolve: Resolved assembly: Microsoft.Extensions.DependencyModel, from path: C:\Users\TOSHIBA\source\repos\1.QA Wiki\3.PracticeLocators\bin\Debug\net8.0\fine-code-coverage\build-output\Microsoft.Extensions.DependencyModel.dll
TpTrace Information: 0 : 12148, 4, 2026/01/17, 19:58:09.023, 6348674168121, testhost.dll,    NUnit3TestExecutor discovered 4 of 4 NUnit test cases using Current Discovery mode, Non-Explicit run
TpTrace Verbose: 0 : 12148, 4, 2026/01/17, 19:58:09.024, 6348674170087, testhost.dll, TestRequestHandler.SendData: sending data from testhost: {"Version":7,"MessageType":"TestSession.Message","Payload":{"MessageLevel":0,"Message":"   NUnit3TestExecutor discovered 4 of 4 NUnit test cases using Current Discovery mode, Non-Explicit run"}}
TpTrace Verbose: 0 : 12148, 4, 2026/01/17, 19:58:09.024, 6348674171825, testhost.dll, MulticastDelegateUtilities.SafeInvoke: TestRunMessageLoggerProxy.SendMessage: Invoking callback 1/1 for Microsoft.VisualStudio.TestPlatform.CrossPlatEngine.Execution.RunTestsWithSources., took 0 ms.
